<?xml version="1.0" encoding="UTF-8"?>
<testsuite name="me.yisak.web.HelloControllerTest" tests="2" skipped="0" failures="0" errors="0" timestamp="2020-10-24T04:05:24" hostname="Choui-iMac.local" time="0.129">
  <properties/>
  <testcase name="hello가_리턴된다" classname="me.yisak.web.HelloControllerTest" time="0.033"/>
  <testcase name="helloDto가_리턴된다" classname="me.yisak.web.HelloControllerTest" time="0.092"/>
  <system-out><![CDATA[2020-10-24 13:05:23.403  INFO 4764 --- [    Test worker] .b.t.a.w.s.WebMvcTestContextBootstrapper : Neither @ContextConfiguration nor @ContextHierarchy found for test class [me.yisak.web.HelloControllerTest], using SpringBootContextLoader
2020-10-24 13:05:23.404  INFO 4764 --- [    Test worker] o.s.t.c.support.AbstractContextLoader    : Could not detect default resource locations for test class [me.yisak.web.HelloControllerTest]: no resource found for suffixes {-context.xml, Context.groovy}.
2020-10-24 13:05:23.405  INFO 4764 --- [    Test worker] t.c.s.AnnotationConfigContextLoaderUtils : Could not detect default configuration classes for test class [me.yisak.web.HelloControllerTest]: HelloControllerTest does not declare any static, non-private, non-final, nested classes annotated with @Configuration.
2020-10-24 13:05:23.429  INFO 4764 --- [    Test worker] .b.t.c.SpringBootTestContextBootstrapper : Found @SpringBootConfiguration me.yisak.Application for test class me.yisak.web.HelloControllerTest
2020-10-24 13:05:23.430  INFO 4764 --- [    Test worker] .b.t.a.w.s.WebMvcTestContextBootstrapper : Loaded default TestExecutionListener class names from location [META-INF/spring.factories]: [org.springframework.security.test.context.support.WithSecurityContextTestExecutionListener, org.springframework.security.test.context.support.ReactorContextTestExecutionListener, org.springframework.boot.test.autoconfigure.restdocs.RestDocsTestExecutionListener, org.springframework.boot.test.autoconfigure.web.client.MockRestServiceServerResetTestExecutionListener, org.springframework.boot.test.autoconfigure.web.servlet.MockMvcPrintOnlyOnFailureTestExecutionListener, org.springframework.boot.test.autoconfigure.web.servlet.WebDriverTestExecutionListener, org.springframework.boot.test.mock.mockito.MockitoTestExecutionListener, org.springframework.boot.test.mock.mockito.ResetMocksTestExecutionListener, org.springframework.test.context.web.ServletTestExecutionListener, org.springframework.test.context.support.DirtiesContextBeforeModesTestExecutionListener, org.springframework.test.context.support.DependencyInjectionTestExecutionListener, org.springframework.test.context.support.DirtiesContextTestExecutionListener, org.springframework.test.context.transaction.TransactionalTestExecutionListener, org.springframework.test.context.jdbc.SqlScriptsTestExecutionListener]
2020-10-24 13:05:23.431  INFO 4764 --- [    Test worker] .b.t.a.w.s.WebMvcTestContextBootstrapper : Using TestExecutionListeners: [org.springframework.test.context.web.ServletTestExecutionListener@30269955, org.springframework.test.context.support.DirtiesContextBeforeModesTestExecutionListener@44e8815b, org.springframework.boot.test.mock.mockito.MockitoTestExecutionListener@77a19753, org.springframework.boot.test.autoconfigure.SpringBootDependencyInjectionTestExecutionListener@418668d4, org.springframework.test.context.support.DirtiesContextTestExecutionListener@45eead80, org.springframework.test.context.transaction.TransactionalTestExecutionListener@458c1e3f, org.springframework.test.context.jdbc.SqlScriptsTestExecutionListener@3e6c12d2, org.springframework.security.test.context.support.WithSecurityContextTestExecutionListener@4c5e1d03, org.springframework.security.test.context.support.ReactorContextTestExecutionListener@7cec2ba5, org.springframework.boot.test.autoconfigure.restdocs.RestDocsTestExecutionListener@5934afe1, org.springframework.boot.test.autoconfigure.web.client.MockRestServiceServerResetTestExecutionListener@790dc97, org.springframework.boot.test.autoconfigure.web.servlet.MockMvcPrintOnlyOnFailureTestExecutionListener@3b1a6f63, org.springframework.boot.test.autoconfigure.web.servlet.WebDriverTestExecutionListener@2636daa6, org.springframework.boot.test.mock.mockito.ResetMocksTestExecutionListener@5a812226]

  .   ____          _            __ _ _
 /\\ / ___'_ __ _ _(_)_ __  __ _ \ \ \ \
( ( )\___ | '_ | '_| | '_ \/ _` | \ \ \ \
 \\/  ___)| |_)| | | | | || (_| |  ) ) ) )
  '  |____| .__|_| |_|_| |_\__, | / / / /
 =========|_|==============|___/=/_/_/_/
 :: Spring Boot ::        (v2.1.7.RELEASE)

2020-10-24 13:05:23.457  INFO 4764 --- [    Test worker] me.yisak.web.HelloControllerTest         : Starting HelloControllerTest on Choui-iMac.local with PID 4764 (started by chochoi in /Users/chochoi/Desktop/git/backup/springboot2-webservice)
2020-10-24 13:05:23.458  INFO 4764 --- [    Test worker] me.yisak.web.HelloControllerTest         : No active profile set, falling back to default profiles: default
2020-10-24 13:05:23.825  INFO 4764 --- [    Test worker] o.s.s.concurrent.ThreadPoolTaskExecutor  : Initializing ExecutorService 'applicationTaskExecutor'
2020-10-24 13:05:23.852  INFO 4764 --- [    Test worker] o.s.b.a.w.s.WelcomePageHandlerMapping    : Adding welcome page template: index
2020-10-24 13:05:24.006  INFO 4764 --- [    Test worker] .s.s.UserDetailsServiceAutoConfiguration : 

Using generated security password: 92124785-e853-4b43-b7ce-9bc756199525

2020-10-24 13:05:24.103  INFO 4764 --- [    Test worker] o.s.s.web.DefaultSecurityFilterChain     : Creating filter chain: any request, [org.springframework.security.web.context.request.async.WebAsyncManagerIntegrationFilter@200ba1a2, org.springframework.security.web.context.SecurityContextPersistenceFilter@3e7beebc, org.springframework.security.web.header.HeaderWriterFilter@77c835f, org.springframework.security.web.csrf.CsrfFilter@1e7d08e5, org.springframework.security.web.authentication.logout.LogoutFilter@6a5bc9b7, org.springframework.security.web.authentication.UsernamePasswordAuthenticationFilter@32546a96, org.springframework.security.web.authentication.ui.DefaultLoginPageGeneratingFilter@40450019, org.springframework.security.web.authentication.ui.DefaultLogoutPageGeneratingFilter@bd7b20c, org.springframework.security.web.authentication.www.BasicAuthenticationFilter@3220c6f5, org.springframework.security.web.savedrequest.RequestCacheAwareFilter@564e4b09, org.springframework.security.web.servletapi.SecurityContextHolderAwareRequestFilter@354b5ce4, org.springframework.security.web.authentication.AnonymousAuthenticationFilter@3f74daed, org.springframework.security.web.session.SessionManagementFilter@71308975, org.springframework.security.web.access.ExceptionTranslationFilter@66e1d785, org.springframework.security.web.access.intercept.FilterSecurityInterceptor@2dbe4d1]
2020-10-24 13:05:24.120  INFO 4764 --- [    Test worker] o.s.b.t.m.w.SpringBootMockServletContext : Initializing Spring TestDispatcherServlet ''
2020-10-24 13:05:24.120  INFO 4764 --- [    Test worker] o.s.t.web.servlet.TestDispatcherServlet  : Initializing Servlet ''
2020-10-24 13:05:24.126  INFO 4764 --- [    Test worker] o.s.t.web.servlet.TestDispatcherServlet  : Completed initialization in 6 ms
2020-10-24 13:05:24.156  INFO 4764 --- [    Test worker] me.yisak.web.HelloControllerTest         : Started HelloControllerTest in 0.719 seconds (JVM running for 7.903)
]]></system-out>
  <system-err><![CDATA[]]></system-err>
</testsuite>
