<?xml version="1.0" encoding="UTF-8"?>
<testsuite name="me.yisak.domain.posts.PostsRepositoryTest" tests="2" skipped="0" failures="0" errors="0" timestamp="2020-10-24T04:05:25" hostname="Choui-iMac.local" time="0.039">
  <properties/>
  <testcase name="게시글저장_불러오기" classname="me.yisak.domain.posts.PostsRepositoryTest" time="0.025"/>
  <testcase name="BaseTimeEntity_등록" classname="me.yisak.domain.posts.PostsRepositoryTest" time="0.013"/>
  <system-out><![CDATA[2020-10-24 13:05:24.597  INFO 4764 --- [    Test worker] .b.t.c.SpringBootTestContextBootstrapper : Neither @ContextConfiguration nor @ContextHierarchy found for test class [me.yisak.domain.posts.PostsRepositoryTest], using SpringBootContextLoader
2020-10-24 13:05:24.598  INFO 4764 --- [    Test worker] o.s.t.c.support.AbstractContextLoader    : Could not detect default resource locations for test class [me.yisak.domain.posts.PostsRepositoryTest]: no resource found for suffixes {-context.xml, Context.groovy}.
2020-10-24 13:05:24.598  INFO 4764 --- [    Test worker] t.c.s.AnnotationConfigContextLoaderUtils : Could not detect default configuration classes for test class [me.yisak.domain.posts.PostsRepositoryTest]: PostsRepositoryTest does not declare any static, non-private, non-final, nested classes annotated with @Configuration.
2020-10-24 13:05:24.603  INFO 4764 --- [    Test worker] .b.t.c.SpringBootTestContextBootstrapper : Found @SpringBootConfiguration me.yisak.Application for test class me.yisak.domain.posts.PostsRepositoryTest
2020-10-24 13:05:24.604  INFO 4764 --- [    Test worker] .b.t.c.SpringBootTestContextBootstrapper : Loaded default TestExecutionListener class names from location [META-INF/spring.factories]: [org.springframework.security.test.context.support.WithSecurityContextTestExecutionListener, org.springframework.security.test.context.support.ReactorContextTestExecutionListener, org.springframework.boot.test.autoconfigure.restdocs.RestDocsTestExecutionListener, org.springframework.boot.test.autoconfigure.web.client.MockRestServiceServerResetTestExecutionListener, org.springframework.boot.test.autoconfigure.web.servlet.MockMvcPrintOnlyOnFailureTestExecutionListener, org.springframework.boot.test.autoconfigure.web.servlet.WebDriverTestExecutionListener, org.springframework.boot.test.mock.mockito.MockitoTestExecutionListener, org.springframework.boot.test.mock.mockito.ResetMocksTestExecutionListener, org.springframework.test.context.web.ServletTestExecutionListener, org.springframework.test.context.support.DirtiesContextBeforeModesTestExecutionListener, org.springframework.test.context.support.DependencyInjectionTestExecutionListener, org.springframework.test.context.support.DirtiesContextTestExecutionListener, org.springframework.test.context.transaction.TransactionalTestExecutionListener, org.springframework.test.context.jdbc.SqlScriptsTestExecutionListener]
2020-10-24 13:05:24.605  INFO 4764 --- [    Test worker] .b.t.c.SpringBootTestContextBootstrapper : Using TestExecutionListeners: [org.springframework.test.context.web.ServletTestExecutionListener@5a7b9074, org.springframework.test.context.support.DirtiesContextBeforeModesTestExecutionListener@57e767b3, org.springframework.boot.test.mock.mockito.MockitoTestExecutionListener@3f3e8721, org.springframework.boot.test.autoconfigure.SpringBootDependencyInjectionTestExecutionListener@30397, org.springframework.test.context.support.DirtiesContextTestExecutionListener@67ddbd3, org.springframework.test.context.transaction.TransactionalTestExecutionListener@6acbfe50, org.springframework.test.context.jdbc.SqlScriptsTestExecutionListener@21077ba7, org.springframework.security.test.context.support.WithSecurityContextTestExecutionListener@3980cbab, org.springframework.security.test.context.support.ReactorContextTestExecutionListener@51cb2c0b, org.springframework.boot.test.autoconfigure.restdocs.RestDocsTestExecutionListener@64c7711c, org.springframework.boot.test.autoconfigure.web.client.MockRestServiceServerResetTestExecutionListener@7e87f460, org.springframework.boot.test.autoconfigure.web.servlet.MockMvcPrintOnlyOnFailureTestExecutionListener@4165b588, org.springframework.boot.test.autoconfigure.web.servlet.WebDriverTestExecutionListener@494662db, org.springframework.boot.test.mock.mockito.ResetMocksTestExecutionListener@16d6a57e]

  .   ____          _            __ _ _
 /\\ / ___'_ __ _ _(_)_ __  __ _ \ \ \ \
( ( )\___ | '_ | '_| | '_ \/ _` | \ \ \ \
 \\/  ___)| |_)| | | | | || (_| |  ) ) ) )
  '  |____| .__|_| |_|_| |_\__, | / / / /
 =========|_|==============|___/=/_/_/_/
 :: Spring Boot ::        (v2.1.7.RELEASE)

2020-10-24 13:05:24.620  INFO 4764 --- [    Test worker] m.y.domain.posts.PostsRepositoryTest     : Starting PostsRepositoryTest on Choui-iMac.local with PID 4764 (started by chochoi in /Users/chochoi/Desktop/git/backup/springboot2-webservice)
2020-10-24 13:05:24.620  INFO 4764 --- [    Test worker] m.y.domain.posts.PostsRepositoryTest     : No active profile set, falling back to default profiles: default
2020-10-24 13:05:24.765  INFO 4764 --- [    Test worker] .s.d.r.c.RepositoryConfigurationDelegate : Bootstrapping Spring Data repositories in DEFAULT mode.
2020-10-24 13:05:24.784  INFO 4764 --- [    Test worker] .s.d.r.c.RepositoryConfigurationDelegate : Finished Spring Data repository scanning in 18ms. Found 2 repository interfaces.
2020-10-24 13:05:24.873  INFO 4764 --- [    Test worker] trationDelegate$BeanPostProcessorChecker : Bean 'org.springframework.transaction.annotation.ProxyTransactionManagementConfiguration' of type [org.springframework.transaction.annotation.ProxyTransactionManagementConfiguration$$EnhancerBySpringCGLIB$$a15b5fa8] is not eligible for getting processed by all BeanPostProcessors (for example: not eligible for auto-proxying)
2020-10-24 13:05:24.946  INFO 4764 --- [    Test worker] com.zaxxer.hikari.HikariDataSource       : HikariPool-2 - Starting...
2020-10-24 13:05:24.948  INFO 4764 --- [    Test worker] com.zaxxer.hikari.HikariDataSource       : HikariPool-2 - Start completed.
2020-10-24 13:05:24.966  INFO 4764 --- [    Test worker] o.hibernate.jpa.internal.util.LogHelper  : HHH000204: Processing PersistenceUnitInfo [
	name: default
	...]
2020-10-24 13:05:24.972  INFO 4764 --- [    Test worker] org.hibernate.dialect.Dialect            : HHH000400: Using dialect: org.hibernate.dialect.MySQL5InnoDBDialect
Hibernate: drop table if exists posts
Hibernate: drop table if exists user
Hibernate: create table posts (id bigint not null auto_increment, created_date datetime, modified_date datetime, author varchar(255), content TEXT not null, title varchar(500) not null, primary key (id)) engine=InnoDB
Hibernate: create table user (id bigint not null auto_increment, created_date datetime, modified_date datetime, email varchar(255) not null, name varchar(255) not null, picture varchar(255), role varchar(255) not null, primary key (id)) engine=InnoDB
2020-10-24 13:05:25.018  INFO 4764 --- [    Test worker] o.h.t.schema.internal.SchemaCreatorImpl  : HHH000476: Executing import script 'org.hibernate.tool.schema.internal.exec.ScriptSourceInputNonExistentImpl@8b075a4'
2020-10-24 13:05:25.019  INFO 4764 --- [    Test worker] j.LocalContainerEntityManagerFactoryBean : Initialized JPA EntityManagerFactory for persistence unit 'default'
2020-10-24 13:05:25.172  INFO 4764 --- [    Test worker] o.h.h.i.QueryTranslatorFactoryInitiator  : HHH000397: Using ASTQueryTranslatorFactory
2020-10-24 13:05:25.292  INFO 4764 --- [    Test worker] o.s.s.web.DefaultSecurityFilterChain     : Creating filter chain: any request, [org.springframework.security.web.context.request.async.WebAsyncManagerIntegrationFilter@7a0dcc21, org.springframework.security.web.context.SecurityContextPersistenceFilter@be28b96, org.springframework.security.web.header.HeaderWriterFilter@5c856d43, org.springframework.security.web.authentication.logout.LogoutFilter@35f15347, org.springframework.security.oauth2.client.web.OAuth2AuthorizationRequestRedirectFilter@470fab34, org.springframework.security.oauth2.client.web.OAuth2LoginAuthenticationFilter@649000fd, org.springframework.security.web.authentication.ui.DefaultLoginPageGeneratingFilter@2a50d3a0, org.springframework.security.web.authentication.ui.DefaultLogoutPageGeneratingFilter@793bbac0, org.springframework.security.web.savedrequest.RequestCacheAwareFilter@1af7cbe4, org.springframework.security.web.servletapi.SecurityContextHolderAwareRequestFilter@6d6f428c, org.springframework.security.web.authentication.AnonymousAuthenticationFilter@4357e8d8, org.springframework.security.web.session.SessionManagementFilter@391fdcf5, org.springframework.security.web.access.ExceptionTranslationFilter@456a9dcb, org.springframework.security.web.access.intercept.FilterSecurityInterceptor@32563c7c]
2020-10-24 13:05:25.527  INFO 4764 --- [    Test worker] o.s.s.concurrent.ThreadPoolTaskExecutor  : Initializing ExecutorService 'applicationTaskExecutor'
2020-10-24 13:05:25.540  WARN 4764 --- [    Test worker] aWebConfiguration$JpaWebMvcConfiguration : spring.jpa.open-in-view is enabled by default. Therefore, database queries may be performed during view rendering. Explicitly configure spring.jpa.open-in-view to disable this warning
2020-10-24 13:05:25.566  INFO 4764 --- [    Test worker] o.s.b.a.w.s.WelcomePageHandlerMapping    : Adding welcome page template: index
2020-10-24 13:05:25.895  INFO 4764 --- [    Test worker] s.a.ScheduledAnnotationBeanPostProcessor : No TaskScheduler/ScheduledExecutorService bean found for scheduled processing
2020-10-24 13:05:25.897  INFO 4764 --- [    Test worker] m.y.domain.posts.PostsRepositoryTest     : Started PostsRepositoryTest in 1.29 seconds (JVM running for 9.644)
Hibernate: insert into posts (created_date, modified_date, author, content, title) values (?, ?, ?, ?, ?)
Hibernate: select posts0_.id as id1_0_, posts0_.created_date as created_2_0_, posts0_.modified_date as modified3_0_, posts0_.author as author4_0_, posts0_.content as content5_0_, posts0_.title as title6_0_ from posts posts0_
Hibernate: select posts0_.id as id1_0_, posts0_.created_date as created_2_0_, posts0_.modified_date as modified3_0_, posts0_.author as author4_0_, posts0_.content as content5_0_, posts0_.title as title6_0_ from posts posts0_
Hibernate: delete from posts where id=?
Hibernate: insert into posts (created_date, modified_date, author, content, title) values (?, ?, ?, ?, ?)
Hibernate: select posts0_.id as id1_0_, posts0_.created_date as created_2_0_, posts0_.modified_date as modified3_0_, posts0_.author as author4_0_, posts0_.content as content5_0_, posts0_.title as title6_0_ from posts posts0_
>@>@>@>@>@>@>@>@>@>>>>>>> createDate=2020-10-24T13:05:25.929, modifiedDate=2020-10-24T13:05:25.929
Hibernate: select posts0_.id as id1_0_, posts0_.created_date as created_2_0_, posts0_.modified_date as modified3_0_, posts0_.author as author4_0_, posts0_.content as content5_0_, posts0_.title as title6_0_ from posts posts0_
Hibernate: delete from posts where id=?
]]></system-out>
  <system-err><![CDATA[]]></system-err>
</testsuite>
