<?xml version="1.0" encoding="UTF-8"?>
<testsuite name="me.yisak.domain.posts.PostsRepositoryTest" tests="2" skipped="0" failures="0" errors="0" timestamp="2020-10-23T13:47:02" hostname="Choui-iMac.local" time="0.045">
  <properties/>
  <testcase name="게시글저장_불러오기" classname="me.yisak.domain.posts.PostsRepositoryTest" time="0.026"/>
  <testcase name="BaseTimeEntity_등록" classname="me.yisak.domain.posts.PostsRepositoryTest" time="0.016"/>
  <system-out><![CDATA[2020-10-23 22:47:01.212  INFO 981 --- [    Test worker] .b.t.c.SpringBootTestContextBootstrapper : Neither @ContextConfiguration nor @ContextHierarchy found for test class [me.yisak.domain.posts.PostsRepositoryTest], using SpringBootContextLoader
2020-10-23 22:47:01.214  INFO 981 --- [    Test worker] o.s.t.c.support.AbstractContextLoader    : Could not detect default resource locations for test class [me.yisak.domain.posts.PostsRepositoryTest]: no resource found for suffixes {-context.xml, Context.groovy}.
2020-10-23 22:47:01.214  INFO 981 --- [    Test worker] t.c.s.AnnotationConfigContextLoaderUtils : Could not detect default configuration classes for test class [me.yisak.domain.posts.PostsRepositoryTest]: PostsRepositoryTest does not declare any static, non-private, non-final, nested classes annotated with @Configuration.
2020-10-23 22:47:01.225  INFO 981 --- [    Test worker] .b.t.c.SpringBootTestContextBootstrapper : Found @SpringBootConfiguration me.yisak.Application for test class me.yisak.domain.posts.PostsRepositoryTest
2020-10-23 22:47:01.227  INFO 981 --- [    Test worker] .b.t.c.SpringBootTestContextBootstrapper : Loaded default TestExecutionListener class names from location [META-INF/spring.factories]: [org.springframework.security.test.context.support.WithSecurityContextTestExecutionListener, org.springframework.security.test.context.support.ReactorContextTestExecutionListener, org.springframework.boot.test.autoconfigure.restdocs.RestDocsTestExecutionListener, org.springframework.boot.test.autoconfigure.web.client.MockRestServiceServerResetTestExecutionListener, org.springframework.boot.test.autoconfigure.web.servlet.MockMvcPrintOnlyOnFailureTestExecutionListener, org.springframework.boot.test.autoconfigure.web.servlet.WebDriverTestExecutionListener, org.springframework.boot.test.mock.mockito.MockitoTestExecutionListener, org.springframework.boot.test.mock.mockito.ResetMocksTestExecutionListener, org.springframework.test.context.web.ServletTestExecutionListener, org.springframework.test.context.support.DirtiesContextBeforeModesTestExecutionListener, org.springframework.test.context.support.DependencyInjectionTestExecutionListener, org.springframework.test.context.support.DirtiesContextTestExecutionListener, org.springframework.test.context.transaction.TransactionalTestExecutionListener, org.springframework.test.context.jdbc.SqlScriptsTestExecutionListener]
2020-10-23 22:47:01.228  INFO 981 --- [    Test worker] .b.t.c.SpringBootTestContextBootstrapper : Using TestExecutionListeners: [org.springframework.test.context.web.ServletTestExecutionListener@5e99c1a6, org.springframework.test.context.support.DirtiesContextBeforeModesTestExecutionListener@f72bdea, org.springframework.boot.test.mock.mockito.MockitoTestExecutionListener@22f4c634, org.springframework.boot.test.autoconfigure.SpringBootDependencyInjectionTestExecutionListener@6bfc728e, org.springframework.test.context.support.DirtiesContextTestExecutionListener@7bf80aa6, org.springframework.test.context.transaction.TransactionalTestExecutionListener@617f75de, org.springframework.test.context.jdbc.SqlScriptsTestExecutionListener@65bedaa3, org.springframework.security.test.context.support.WithSecurityContextTestExecutionListener@6ddebc98, org.springframework.security.test.context.support.ReactorContextTestExecutionListener@56c826bf, org.springframework.boot.test.autoconfigure.restdocs.RestDocsTestExecutionListener@4c83683d, org.springframework.boot.test.autoconfigure.web.client.MockRestServiceServerResetTestExecutionListener@5f7bc8cc, org.springframework.boot.test.autoconfigure.web.servlet.MockMvcPrintOnlyOnFailureTestExecutionListener@47d995c7, org.springframework.boot.test.autoconfigure.web.servlet.WebDriverTestExecutionListener@50b3be5d, org.springframework.boot.test.mock.mockito.ResetMocksTestExecutionListener@726e6f6]

  .   ____          _            __ _ _
 /\\ / ___'_ __ _ _(_)_ __  __ _ \ \ \ \
( ( )\___ | '_ | '_| | '_ \/ _` | \ \ \ \
 \\/  ___)| |_)| | | | | || (_| |  ) ) ) )
  '  |____| .__|_| |_|_| |_\__, | / / / /
 =========|_|==============|___/=/_/_/_/
 :: Spring Boot ::        (v2.1.7.RELEASE)

2020-10-23 22:47:01.298  INFO 981 --- [    Test worker] m.y.domain.posts.PostsRepositoryTest     : Starting PostsRepositoryTest on Choui-iMac.local with PID 981 (started by chochoi in /Users/chochoi/Desktop/git/backup/springboot2-webservice)
2020-10-23 22:47:01.298  INFO 981 --- [    Test worker] m.y.domain.posts.PostsRepositoryTest     : The following profiles are active: oauth
2020-10-23 22:47:01.530  INFO 981 --- [    Test worker] .s.d.r.c.RepositoryConfigurationDelegate : Bootstrapping Spring Data repositories in DEFAULT mode.
2020-10-23 22:47:01.551  INFO 981 --- [    Test worker] .s.d.r.c.RepositoryConfigurationDelegate : Finished Spring Data repository scanning in 21ms. Found 2 repository interfaces.
2020-10-23 22:47:01.671  INFO 981 --- [    Test worker] trationDelegate$BeanPostProcessorChecker : Bean 'org.springframework.transaction.annotation.ProxyTransactionManagementConfiguration' of type [org.springframework.transaction.annotation.ProxyTransactionManagementConfiguration$$EnhancerBySpringCGLIB$$927931d3] is not eligible for getting processed by all BeanPostProcessors (for example: not eligible for auto-proxying)
2020-10-23 22:47:01.748  INFO 981 --- [    Test worker] com.zaxxer.hikari.HikariDataSource       : HikariPool-2 - Starting...
2020-10-23 22:47:01.750  INFO 981 --- [    Test worker] com.zaxxer.hikari.HikariDataSource       : HikariPool-2 - Start completed.
2020-10-23 22:47:01.772  INFO 981 --- [    Test worker] o.hibernate.jpa.internal.util.LogHelper  : HHH000204: Processing PersistenceUnitInfo [
	name: default
	...]
2020-10-23 22:47:01.781  INFO 981 --- [    Test worker] org.hibernate.dialect.Dialect            : HHH000400: Using dialect: org.hibernate.dialect.MySQL5InnoDBDialect
Hibernate: drop table if exists posts
Hibernate: drop table if exists user
Hibernate: create table posts (id bigint not null auto_increment, created_date datetime, modified_date datetime, author varchar(255), content TEXT not null, title varchar(500) not null, primary key (id)) engine=InnoDB
Hibernate: create table user (id bigint not null auto_increment, created_date datetime, modified_date datetime, email varchar(255) not null, name varchar(255) not null, picture varchar(255), role varchar(255) not null, primary key (id)) engine=InnoDB
2020-10-23 22:47:01.824  INFO 981 --- [    Test worker] o.h.t.schema.internal.SchemaCreatorImpl  : HHH000476: Executing import script 'org.hibernate.tool.schema.internal.exec.ScriptSourceInputNonExistentImpl@5e68c8fa'
2020-10-23 22:47:01.824  INFO 981 --- [    Test worker] j.LocalContainerEntityManagerFactoryBean : Initialized JPA EntityManagerFactory for persistence unit 'default'
2020-10-23 22:47:02.003  INFO 981 --- [    Test worker] o.h.h.i.QueryTranslatorFactoryInitiator  : HHH000397: Using ASTQueryTranslatorFactory
2020-10-23 22:47:02.134  INFO 981 --- [    Test worker] o.s.s.web.DefaultSecurityFilterChain     : Creating filter chain: any request, [org.springframework.security.web.context.request.async.WebAsyncManagerIntegrationFilter@6a93d952, org.springframework.security.web.context.SecurityContextPersistenceFilter@638cca60, org.springframework.security.web.header.HeaderWriterFilter@452b11a9, org.springframework.security.web.authentication.logout.LogoutFilter@2f58d45, org.springframework.security.oauth2.client.web.OAuth2AuthorizationRequestRedirectFilter@2f0a8ca6, org.springframework.security.oauth2.client.web.OAuth2LoginAuthenticationFilter@39e25a31, org.springframework.security.web.authentication.ui.DefaultLoginPageGeneratingFilter@72f880a, org.springframework.security.web.authentication.ui.DefaultLogoutPageGeneratingFilter@8dd8c94, org.springframework.security.web.savedrequest.RequestCacheAwareFilter@7ce4798, org.springframework.security.web.servletapi.SecurityContextHolderAwareRequestFilter@1a75b891, org.springframework.security.web.authentication.AnonymousAuthenticationFilter@73c94e95, org.springframework.security.web.session.SessionManagementFilter@2a26fc21, org.springframework.security.web.access.ExceptionTranslationFilter@1a9fd72e, org.springframework.security.web.access.intercept.FilterSecurityInterceptor@3d0be4f0]
2020-10-23 22:47:02.369  INFO 981 --- [    Test worker] o.s.s.concurrent.ThreadPoolTaskExecutor  : Initializing ExecutorService 'applicationTaskExecutor'
2020-10-23 22:47:02.385  WARN 981 --- [    Test worker] aWebConfiguration$JpaWebMvcConfiguration : spring.jpa.open-in-view is enabled by default. Therefore, database queries may be performed during view rendering. Explicitly configure spring.jpa.open-in-view to disable this warning
2020-10-23 22:47:02.414  INFO 981 --- [    Test worker] o.s.b.a.w.s.WelcomePageHandlerMapping    : Adding welcome page template: index
2020-10-23 22:47:02.895  INFO 981 --- [    Test worker] s.a.ScheduledAnnotationBeanPostProcessor : No TaskScheduler/ScheduledExecutorService bean found for scheduled processing
2020-10-23 22:47:02.899  INFO 981 --- [    Test worker] m.y.domain.posts.PostsRepositoryTest     : Started PostsRepositoryTest in 1.667 seconds (JVM running for 13.75)
Hibernate: insert into posts (created_date, modified_date, author, content, title) values (?, ?, ?, ?, ?)
Hibernate: select posts0_.id as id1_0_, posts0_.created_date as created_2_0_, posts0_.modified_date as modified3_0_, posts0_.author as author4_0_, posts0_.content as content5_0_, posts0_.title as title6_0_ from posts posts0_
Hibernate: select posts0_.id as id1_0_, posts0_.created_date as created_2_0_, posts0_.modified_date as modified3_0_, posts0_.author as author4_0_, posts0_.content as content5_0_, posts0_.title as title6_0_ from posts posts0_
Hibernate: delete from posts where id=?
Hibernate: insert into posts (created_date, modified_date, author, content, title) values (?, ?, ?, ?, ?)
Hibernate: select posts0_.id as id1_0_, posts0_.created_date as created_2_0_, posts0_.modified_date as modified3_0_, posts0_.author as author4_0_, posts0_.content as content5_0_, posts0_.title as title6_0_ from posts posts0_
>@>@>@>@>@>@>@>@>@>>>>>>> createDate=2020-10-23T22:47:02.937, modifiedDate=2020-10-23T22:47:02.937
Hibernate: select posts0_.id as id1_0_, posts0_.created_date as created_2_0_, posts0_.modified_date as modified3_0_, posts0_.author as author4_0_, posts0_.content as content5_0_, posts0_.title as title6_0_ from posts posts0_
Hibernate: delete from posts where id=?
]]></system-out>
  <system-err><![CDATA[]]></system-err>
</testsuite>
