<?xml version="1.0" encoding="UTF-8"?>
<testsuite name="me.yisak.web.IndexControllerTest" tests="1" skipped="0" failures="0" errors="0" timestamp="2020-10-22T16:49:18" hostname="Choui-iMac.local" time="0.181">
  <properties/>
  <testcase name="메인페이지_로딩" classname="me.yisak.web.IndexControllerTest" time="0.181"/>
  <system-out><![CDATA[2020-10-23 01:49:13.943  INFO 26539 --- [    Test worker] .b.t.c.SpringBootTestContextBootstrapper : Neither @ContextConfiguration nor @ContextHierarchy found for test class [me.yisak.web.IndexControllerTest], using SpringBootContextLoader
2020-10-23 01:49:13.944  INFO 26539 --- [    Test worker] o.s.t.c.support.AbstractContextLoader    : Could not detect default resource locations for test class [me.yisak.web.IndexControllerTest]: no resource found for suffixes {-context.xml, Context.groovy}.
2020-10-23 01:49:13.945  INFO 26539 --- [    Test worker] t.c.s.AnnotationConfigContextLoaderUtils : Could not detect default configuration classes for test class [me.yisak.web.IndexControllerTest]: IndexControllerTest does not declare any static, non-private, non-final, nested classes annotated with @Configuration.
2020-10-23 01:49:13.946  INFO 26539 --- [    Test worker] .b.t.c.SpringBootTestContextBootstrapper : Found @SpringBootConfiguration me.yisak.Application for test class me.yisak.web.IndexControllerTest
2020-10-23 01:49:13.949  INFO 26539 --- [    Test worker] .b.t.c.SpringBootTestContextBootstrapper : Loaded default TestExecutionListener class names from location [META-INF/spring.factories]: [org.springframework.security.test.context.support.WithSecurityContextTestExecutionListener, org.springframework.security.test.context.support.ReactorContextTestExecutionListener, org.springframework.boot.test.autoconfigure.restdocs.RestDocsTestExecutionListener, org.springframework.boot.test.autoconfigure.web.client.MockRestServiceServerResetTestExecutionListener, org.springframework.boot.test.autoconfigure.web.servlet.MockMvcPrintOnlyOnFailureTestExecutionListener, org.springframework.boot.test.autoconfigure.web.servlet.WebDriverTestExecutionListener, org.springframework.boot.test.mock.mockito.MockitoTestExecutionListener, org.springframework.boot.test.mock.mockito.ResetMocksTestExecutionListener, org.springframework.test.context.web.ServletTestExecutionListener, org.springframework.test.context.support.DirtiesContextBeforeModesTestExecutionListener, org.springframework.test.context.support.DependencyInjectionTestExecutionListener, org.springframework.test.context.support.DirtiesContextTestExecutionListener, org.springframework.test.context.transaction.TransactionalTestExecutionListener, org.springframework.test.context.jdbc.SqlScriptsTestExecutionListener]
2020-10-23 01:49:13.951  INFO 26539 --- [    Test worker] .b.t.c.SpringBootTestContextBootstrapper : Using TestExecutionListeners: [org.springframework.test.context.web.ServletTestExecutionListener@86e0e0f, org.springframework.test.context.support.DirtiesContextBeforeModesTestExecutionListener@1b1571e5, org.springframework.boot.test.mock.mockito.MockitoTestExecutionListener@47915794, org.springframework.boot.test.autoconfigure.SpringBootDependencyInjectionTestExecutionListener@52b2c309, org.springframework.test.context.support.DirtiesContextTestExecutionListener@2ad4b126, org.springframework.test.context.transaction.TransactionalTestExecutionListener@1a7e67c0, org.springframework.test.context.jdbc.SqlScriptsTestExecutionListener@579eaeec, org.springframework.security.test.context.support.WithSecurityContextTestExecutionListener@1370859d, org.springframework.security.test.context.support.ReactorContextTestExecutionListener@1c225b54, org.springframework.boot.test.autoconfigure.restdocs.RestDocsTestExecutionListener@750b7f77, org.springframework.boot.test.autoconfigure.web.client.MockRestServiceServerResetTestExecutionListener@574056f4, org.springframework.boot.test.autoconfigure.web.servlet.MockMvcPrintOnlyOnFailureTestExecutionListener@408b7dec, org.springframework.boot.test.autoconfigure.web.servlet.WebDriverTestExecutionListener@4e7d7652, org.springframework.boot.test.mock.mockito.ResetMocksTestExecutionListener@60a3482d]

  .   ____          _            __ _ _
 /\\ / ___'_ __ _ _(_)_ __  __ _ \ \ \ \
( ( )\___ | '_ | '_| | '_ \/ _` | \ \ \ \
 \\/  ___)| |_)| | | | | || (_| |  ) ) ) )
  '  |____| .__|_| |_|_| |_\__, | / / / /
 =========|_|==============|___/=/_/_/_/
 :: Spring Boot ::        (v2.1.7.RELEASE)

2020-10-23 01:49:13.991  INFO 26539 --- [    Test worker] me.yisak.web.IndexControllerTest         : Starting IndexControllerTest on Choui-iMac.local with PID 26539 (started by chochoi in /Users/chochoi/Desktop/git/backup/springboot2-webservice)
2020-10-23 01:49:13.992  INFO 26539 --- [    Test worker] me.yisak.web.IndexControllerTest         : The following profiles are active: oauth
2020-10-23 01:49:14.359  INFO 26539 --- [    Test worker] .s.d.r.c.RepositoryConfigurationDelegate : Bootstrapping Spring Data repositories in DEFAULT mode.
2020-10-23 01:49:14.429  INFO 26539 --- [    Test worker] .s.d.r.c.RepositoryConfigurationDelegate : Finished Spring Data repository scanning in 59ms. Found 2 repository interfaces.
2020-10-23 01:49:14.692  INFO 26539 --- [    Test worker] trationDelegate$BeanPostProcessorChecker : Bean 'org.springframework.transaction.annotation.ProxyTransactionManagementConfiguration' of type [org.springframework.transaction.annotation.ProxyTransactionManagementConfiguration$$EnhancerBySpringCGLIB$$eb9183cd] is not eligible for getting processed by all BeanPostProcessors (for example: not eligible for auto-proxying)
2020-10-23 01:49:14.977  INFO 26539 --- [    Test worker] o.s.b.w.embedded.tomcat.TomcatWebServer  : Tomcat initialized with port(s): 0 (http)
2020-10-23 01:49:15.002  INFO 26539 --- [    Test worker] o.apache.catalina.core.StandardService   : Starting service [Tomcat]
2020-10-23 01:49:15.002  INFO 26539 --- [    Test worker] org.apache.catalina.core.StandardEngine  : Starting Servlet engine: [Apache Tomcat/9.0.22]
2020-10-23 01:49:15.127  INFO 26539 --- [    Test worker] o.a.c.c.C.[Tomcat].[localhost].[/]       : Initializing Spring embedded WebApplicationContext
2020-10-23 01:49:15.127  INFO 26539 --- [    Test worker] o.s.web.context.ContextLoader            : Root WebApplicationContext: initialization completed in 1132 ms
2020-10-23 01:49:15.368  INFO 26539 --- [    Test worker] com.zaxxer.hikari.HikariDataSource       : HikariPool-1 - Starting...
2020-10-23 01:49:15.590  INFO 26539 --- [    Test worker] com.zaxxer.hikari.HikariDataSource       : HikariPool-1 - Start completed.
2020-10-23 01:49:15.684  INFO 26539 --- [    Test worker] o.hibernate.jpa.internal.util.LogHelper  : HHH000204: Processing PersistenceUnitInfo [
	name: default
	...]
2020-10-23 01:49:15.786  INFO 26539 --- [    Test worker] org.hibernate.Version                    : HHH000412: Hibernate Core {5.3.10.Final}
2020-10-23 01:49:15.791  INFO 26539 --- [    Test worker] org.hibernate.cfg.Environment            : HHH000206: hibernate.properties not found
2020-10-23 01:49:15.867  INFO 26539 --- [    Test worker] o.hibernate.annotations.common.Version   : HCANN000001: Hibernate Commons Annotations {5.0.4.Final}
2020-10-23 01:49:16.050  INFO 26539 --- [    Test worker] org.hibernate.dialect.Dialect            : HHH000400: Using dialect: org.hibernate.dialect.MySQL5InnoDBDialect
Hibernate: drop table if exists posts
Hibernate: drop table if exists user
Hibernate: create table posts (id bigint not null auto_increment, created_date datetime, modified_date datetime, author varchar(255), content TEXT not null, title varchar(500) not null, primary key (id)) engine=InnoDB
Hibernate: create table user (id bigint not null auto_increment, created_date datetime, modified_date datetime, email varchar(255) not null, name varchar(255) not null, picture varchar(255), role varchar(255) not null, primary key (id)) engine=InnoDB
2020-10-23 01:49:16.988  INFO 26539 --- [    Test worker] o.h.t.schema.internal.SchemaCreatorImpl  : HHH000476: Executing import script 'org.hibernate.tool.schema.internal.exec.ScriptSourceInputNonExistentImpl@18074a6f'
2020-10-23 01:49:16.992  INFO 26539 --- [    Test worker] j.LocalContainerEntityManagerFactoryBean : Initialized JPA EntityManagerFactory for persistence unit 'default'
2020-10-23 01:49:17.610  INFO 26539 --- [    Test worker] o.h.h.i.QueryTranslatorFactoryInitiator  : HHH000397: Using ASTQueryTranslatorFactory
2020-10-23 01:49:17.924  INFO 26539 --- [    Test worker] o.s.s.web.DefaultSecurityFilterChain     : Creating filter chain: any request, [org.springframework.security.web.context.request.async.WebAsyncManagerIntegrationFilter@27b674a9, org.springframework.security.web.context.SecurityContextPersistenceFilter@2973d2b5, org.springframework.security.web.header.HeaderWriterFilter@10eb2f2, org.springframework.security.web.authentication.logout.LogoutFilter@63915f27, org.springframework.security.oauth2.client.web.OAuth2AuthorizationRequestRedirectFilter@14b869bb, org.springframework.security.oauth2.client.web.OAuth2LoginAuthenticationFilter@62fb4c77, org.springframework.security.web.authentication.ui.DefaultLoginPageGeneratingFilter@54c0c970, org.springframework.security.web.authentication.ui.DefaultLogoutPageGeneratingFilter@6dfdc5af, org.springframework.security.web.savedrequest.RequestCacheAwareFilter@4cbde26c, org.springframework.security.web.servletapi.SecurityContextHolderAwareRequestFilter@3850502b, org.springframework.security.web.authentication.AnonymousAuthenticationFilter@55dda493, org.springframework.security.web.session.SessionManagementFilter@32dfa33, org.springframework.security.web.access.ExceptionTranslationFilter@2318d669, org.springframework.security.web.access.intercept.FilterSecurityInterceptor@7dc32464]
2020-10-23 01:49:18.078  INFO 26539 --- [    Test worker] o.s.s.concurrent.ThreadPoolTaskExecutor  : Initializing ExecutorService 'applicationTaskExecutor'
2020-10-23 01:49:18.090  WARN 26539 --- [    Test worker] aWebConfiguration$JpaWebMvcConfiguration : spring.jpa.open-in-view is enabled by default. Therefore, database queries may be performed during view rendering. Explicitly configure spring.jpa.open-in-view to disable this warning
2020-10-23 01:49:18.116  INFO 26539 --- [    Test worker] o.s.b.a.w.s.WelcomePageHandlerMapping    : Adding welcome page template: index
2020-10-23 01:49:18.369  INFO 26539 --- [    Test worker] s.a.ScheduledAnnotationBeanPostProcessor : No TaskScheduler/ScheduledExecutorService bean found for scheduled processing
2020-10-23 01:49:18.393  INFO 26539 --- [    Test worker] o.s.b.w.embedded.tomcat.TomcatWebServer  : Tomcat started on port(s): 49734 (http) with context path ''
2020-10-23 01:49:18.394  INFO 26539 --- [    Test worker] me.yisak.web.IndexControllerTest         : Started IndexControllerTest in 4.438 seconds (JVM running for 8.569)
2020-10-23 01:49:18.470  INFO 26539 --- [o-auto-1-exec-1] o.a.c.c.C.[Tomcat].[localhost].[/]       : Initializing Spring DispatcherServlet 'dispatcherServlet'
2020-10-23 01:49:18.470  INFO 26539 --- [o-auto-1-exec-1] o.s.web.servlet.DispatcherServlet        : Initializing Servlet 'dispatcherServlet'
2020-10-23 01:49:18.484  INFO 26539 --- [o-auto-1-exec-1] o.s.web.servlet.DispatcherServlet        : Completed initialization in 14 ms
Hibernate: select posts0_.id as id1_0_, posts0_.created_date as created_2_0_, posts0_.modified_date as modified3_0_, posts0_.author as author4_0_, posts0_.content as content5_0_, posts0_.title as title6_0_ from posts posts0_ order by posts0_.id DESC
]]></system-out>
  <system-err><![CDATA[]]></system-err>
</testsuite>
