<?xml version="1.0" encoding="UTF-8"?>
<testsuite name="me.yisak.web.HelloControllerTest" tests="2" skipped="0" failures="0" errors="0" timestamp="2020-10-21T09:10:22" hostname="205-15" time="0.399">
  <properties/>
  <testcase name="hello가_리턴된다" classname="me.yisak.web.HelloControllerTest" time="0.292"/>
  <testcase name="helloDto가_리턴된다" classname="me.yisak.web.HelloControllerTest" time="0.105"/>
  <system-out><![CDATA[18:10:18.238 [Test worker] DEBUG org.springframework.test.context.junit4.SpringJUnit4ClassRunner - SpringJUnit4ClassRunner constructor called with [class me.yisak.web.HelloControllerTest]
18:10:18.259 [Test worker] DEBUG org.springframework.test.context.BootstrapUtils - Instantiating CacheAwareContextLoaderDelegate from class [org.springframework.test.context.cache.DefaultCacheAwareContextLoaderDelegate]
18:10:18.270 [Test worker] DEBUG org.springframework.test.context.BootstrapUtils - Instantiating BootstrapContext using constructor [public org.springframework.test.context.support.DefaultBootstrapContext(java.lang.Class,org.springframework.test.context.CacheAwareContextLoaderDelegate)]
18:10:18.300 [Test worker] DEBUG org.springframework.test.context.BootstrapUtils - Instantiating TestContextBootstrapper for test class [me.yisak.web.HelloControllerTest] from class [org.springframework.boot.test.autoconfigure.web.servlet.WebMvcTestContextBootstrapper]
18:10:18.325 [Test worker] INFO org.springframework.boot.test.autoconfigure.web.servlet.WebMvcTestContextBootstrapper - Neither @ContextConfiguration nor @ContextHierarchy found for test class [me.yisak.web.HelloControllerTest], using SpringBootContextLoader
18:10:18.330 [Test worker] DEBUG org.springframework.test.context.support.AbstractContextLoader - Did not detect default resource location for test class [me.yisak.web.HelloControllerTest]: class path resource [me/yisak/web/HelloControllerTest-context.xml] does not exist
18:10:18.331 [Test worker] DEBUG org.springframework.test.context.support.AbstractContextLoader - Did not detect default resource location for test class [me.yisak.web.HelloControllerTest]: class path resource [me/yisak/web/HelloControllerTestContext.groovy] does not exist
18:10:18.331 [Test worker] INFO org.springframework.test.context.support.AbstractContextLoader - Could not detect default resource locations for test class [me.yisak.web.HelloControllerTest]: no resource found for suffixes {-context.xml, Context.groovy}.
18:10:18.332 [Test worker] INFO org.springframework.test.context.support.AnnotationConfigContextLoaderUtils - Could not detect default configuration classes for test class [me.yisak.web.HelloControllerTest]: HelloControllerTest does not declare any static, non-private, non-final, nested classes annotated with @Configuration.
18:10:18.428 [Test worker] DEBUG org.springframework.test.context.support.ActiveProfilesUtils - Could not find an 'annotation declaring class' for annotation type [org.springframework.test.context.ActiveProfiles] and class [me.yisak.web.HelloControllerTest]
18:10:18.532 [Test worker] DEBUG org.springframework.context.annotation.ClassPathScanningCandidateComponentProvider - Identified candidate component class: file [C:\Users\Public\Documents\springboot2-webservice\build\classes\java\main\me\yisak\Application.class]
18:10:18.534 [Test worker] INFO org.springframework.boot.test.context.SpringBootTestContextBootstrapper - Found @SpringBootConfiguration me.yisak.Application for test class me.yisak.web.HelloControllerTest
18:10:18.537 [Test worker] DEBUG org.springframework.boot.test.autoconfigure.web.servlet.WebMvcTestContextBootstrapper - @TestExecutionListeners is not present for class [me.yisak.web.HelloControllerTest]: using defaults.
18:10:18.539 [Test worker] INFO org.springframework.boot.test.autoconfigure.web.servlet.WebMvcTestContextBootstrapper - Loaded default TestExecutionListener class names from location [META-INF/spring.factories]: [org.springframework.security.test.context.support.WithSecurityContextTestExecutionListener, org.springframework.security.test.context.support.ReactorContextTestExecutionListener, org.springframework.boot.test.autoconfigure.restdocs.RestDocsTestExecutionListener, org.springframework.boot.test.autoconfigure.web.client.MockRestServiceServerResetTestExecutionListener, org.springframework.boot.test.autoconfigure.web.servlet.MockMvcPrintOnlyOnFailureTestExecutionListener, org.springframework.boot.test.autoconfigure.web.servlet.WebDriverTestExecutionListener, org.springframework.boot.test.mock.mockito.MockitoTestExecutionListener, org.springframework.boot.test.mock.mockito.ResetMocksTestExecutionListener, org.springframework.test.context.web.ServletTestExecutionListener, org.springframework.test.context.support.DirtiesContextBeforeModesTestExecutionListener, org.springframework.test.context.support.DependencyInjectionTestExecutionListener, org.springframework.test.context.support.DirtiesContextTestExecutionListener, org.springframework.test.context.transaction.TransactionalTestExecutionListener, org.springframework.test.context.jdbc.SqlScriptsTestExecutionListener]
18:10:18.561 [Test worker] INFO org.springframework.boot.test.autoconfigure.web.servlet.WebMvcTestContextBootstrapper - Using TestExecutionListeners: [org.springframework.test.context.web.ServletTestExecutionListener@20a3dea2, org.springframework.test.context.support.DirtiesContextBeforeModesTestExecutionListener@1deeb7de, org.springframework.boot.test.mock.mockito.MockitoTestExecutionListener@749262f7, org.springframework.boot.test.autoconfigure.SpringBootDependencyInjectionTestExecutionListener@31cf9f9b, org.springframework.test.context.support.DirtiesContextTestExecutionListener@f2711ce, org.springframework.test.context.transaction.TransactionalTestExecutionListener@671f07b3, org.springframework.test.context.jdbc.SqlScriptsTestExecutionListener@fd547d, org.springframework.security.test.context.support.WithSecurityContextTestExecutionListener@4d0320be, org.springframework.security.test.context.support.ReactorContextTestExecutionListener@7a9df1b1, org.springframework.boot.test.autoconfigure.restdocs.RestDocsTestExecutionListener@652053ce, org.springframework.boot.test.autoconfigure.web.client.MockRestServiceServerResetTestExecutionListener@f94bdab, org.springframework.boot.test.autoconfigure.web.servlet.MockMvcPrintOnlyOnFailureTestExecutionListener@5b467a37, org.springframework.boot.test.autoconfigure.web.servlet.WebDriverTestExecutionListener@4e431897, org.springframework.boot.test.mock.mockito.ResetMocksTestExecutionListener@299a8cb2]
18:10:18.564 [Test worker] DEBUG org.springframework.test.annotation.ProfileValueUtils - Retrieved @ProfileValueSourceConfiguration [null] for test class [me.yisak.web.HelloControllerTest]
18:10:18.565 [Test worker] DEBUG org.springframework.test.annotation.ProfileValueUtils - Retrieved ProfileValueSource type [class org.springframework.test.annotation.SystemProfileValueSource] for class [me.yisak.web.HelloControllerTest]
18:10:18.566 [Test worker] DEBUG org.springframework.test.annotation.ProfileValueUtils - Retrieved @ProfileValueSourceConfiguration [null] for test class [me.yisak.web.HelloControllerTest]
18:10:18.566 [Test worker] DEBUG org.springframework.test.annotation.ProfileValueUtils - Retrieved ProfileValueSource type [class org.springframework.test.annotation.SystemProfileValueSource] for class [me.yisak.web.HelloControllerTest]
18:10:18.571 [Test worker] DEBUG org.springframework.test.context.support.AbstractDirtiesContextTestExecutionListener - Before test class: context [DefaultTestContext@754e223d testClass = HelloControllerTest, testInstance = [null], testMethod = [null], testException = [null], mergedContextConfiguration = [WebMergedContextConfiguration@ea88b testClass = HelloControllerTest, locations = '{}', classes = '{class me.yisak.Application}', contextInitializerClasses = '[]', activeProfiles = '{}', propertySourceLocations = '{}', propertySourceProperties = '{org.springframework.boot.test.autoconfigure.web.servlet.WebMvcTestContextBootstrapper=true}', contextCustomizers = set[org.springframework.boot.test.autoconfigure.OverrideAutoConfigurationContextCustomizerFactory$DisableAutoConfigurationContextCustomizer@3f8a8042, org.springframework.boot.test.autoconfigure.filter.TypeExcludeFiltersContextCustomizer@955a212b, org.springframework.boot.test.autoconfigure.properties.PropertyMappingContextCustomizer@b4264355, org.springframework.boot.test.autoconfigure.web.servlet.WebDriverContextCustomizerFactory$Customizer@53c2c074, [ImportsContextCustomizer@2a4fd31 key = [org.springframework.boot.autoconfigure.cache.CacheAutoConfiguration, org.springframework.boot.autoconfigure.context.MessageSourceAutoConfiguration, org.springframework.boot.autoconfigure.data.web.SpringDataWebAutoConfiguration, org.springframework.boot.autoconfigure.freemarker.FreeMarkerAutoConfiguration, org.springframework.boot.autoconfigure.groovy.template.GroovyTemplateAutoConfiguration, org.springframework.boot.autoconfigure.gson.GsonAutoConfiguration, org.springframework.boot.autoconfigure.hateoas.HypermediaAutoConfiguration, org.springframework.boot.autoconfigure.http.HttpMessageConvertersAutoConfiguration, org.springframework.boot.autoconfigure.jackson.JacksonAutoConfiguration, org.springframework.boot.autoconfigure.jsonb.JsonbAutoConfiguration, org.springframework.boot.autoconfigure.mustache.MustacheAutoConfiguration, org.springframework.boot.autoconfigure.task.TaskExecutionAutoConfiguration, org.springframework.boot.autoconfigure.thymeleaf.ThymeleafAutoConfiguration, org.springframework.boot.autoconfigure.validation.ValidationAutoConfiguration, org.springframework.boot.autoconfigure.web.servlet.error.ErrorMvcAutoConfiguration, org.springframework.boot.autoconfigure.web.servlet.WebMvcAutoConfiguration, org.springframework.boot.test.autoconfigure.web.servlet.MockMvcAutoConfiguration, org.springframework.boot.test.autoconfigure.web.servlet.MockMvcSecurityAutoConfiguration, org.springframework.boot.test.autoconfigure.web.servlet.MockMvcWebClientAutoConfiguration, org.springframework.boot.test.autoconfigure.web.servlet.MockMvcWebDriverAutoConfiguration]], org.springframework.boot.test.context.filter.ExcludeFilterContextCustomizer@2117ed2e, org.springframework.boot.test.json.DuplicateJsonObjectContextCustomizerFactory$DuplicateJsonObjectContextCustomizer@72f8f70d, org.springframework.boot.test.mock.mockito.MockitoContextCustomizer@0], resourceBasePath = 'src/main/webapp', contextLoader = 'org.springframework.boot.test.context.SpringBootContextLoader', parent = [null]], attributes = map[[empty]]], class annotated with @DirtiesContext [false] with mode [null].
18:10:18.572 [Test worker] DEBUG org.springframework.test.annotation.ProfileValueUtils - Retrieved @ProfileValueSourceConfiguration [null] for test class [me.yisak.web.HelloControllerTest]
18:10:18.573 [Test worker] DEBUG org.springframework.test.annotation.ProfileValueUtils - Retrieved ProfileValueSource type [class org.springframework.test.annotation.SystemProfileValueSource] for class [me.yisak.web.HelloControllerTest]
18:10:18.577 [Test worker] DEBUG org.springframework.test.context.support.DependencyInjectionTestExecutionListener - Performing dependency injection for test context [[DefaultTestContext@754e223d testClass = HelloControllerTest, testInstance = me.yisak.web.HelloControllerTest@46d33946, testMethod = [null], testException = [null], mergedContextConfiguration = [WebMergedContextConfiguration@ea88b testClass = HelloControllerTest, locations = '{}', classes = '{class me.yisak.Application}', contextInitializerClasses = '[]', activeProfiles = '{}', propertySourceLocations = '{}', propertySourceProperties = '{org.springframework.boot.test.autoconfigure.web.servlet.WebMvcTestContextBootstrapper=true}', contextCustomizers = set[org.springframework.boot.test.autoconfigure.OverrideAutoConfigurationContextCustomizerFactory$DisableAutoConfigurationContextCustomizer@3f8a8042, org.springframework.boot.test.autoconfigure.filter.TypeExcludeFiltersContextCustomizer@955a212b, org.springframework.boot.test.autoconfigure.properties.PropertyMappingContextCustomizer@b4264355, org.springframework.boot.test.autoconfigure.web.servlet.WebDriverContextCustomizerFactory$Customizer@53c2c074, [ImportsContextCustomizer@2a4fd31 key = [org.springframework.boot.autoconfigure.cache.CacheAutoConfiguration, org.springframework.boot.autoconfigure.context.MessageSourceAutoConfiguration, org.springframework.boot.autoconfigure.data.web.SpringDataWebAutoConfiguration, org.springframework.boot.autoconfigure.freemarker.FreeMarkerAutoConfiguration, org.springframework.boot.autoconfigure.groovy.template.GroovyTemplateAutoConfiguration, org.springframework.boot.autoconfigure.gson.GsonAutoConfiguration, org.springframework.boot.autoconfigure.hateoas.HypermediaAutoConfiguration, org.springframework.boot.autoconfigure.http.HttpMessageConvertersAutoConfiguration, org.springframework.boot.autoconfigure.jackson.JacksonAutoConfiguration, org.springframework.boot.autoconfigure.jsonb.JsonbAutoConfiguration, org.springframework.boot.autoconfigure.mustache.MustacheAutoConfiguration, org.springframework.boot.autoconfigure.task.TaskExecutionAutoConfiguration, org.springframework.boot.autoconfigure.thymeleaf.ThymeleafAutoConfiguration, org.springframework.boot.autoconfigure.validation.ValidationAutoConfiguration, org.springframework.boot.autoconfigure.web.servlet.error.ErrorMvcAutoConfiguration, org.springframework.boot.autoconfigure.web.servlet.WebMvcAutoConfiguration, org.springframework.boot.test.autoconfigure.web.servlet.MockMvcAutoConfiguration, org.springframework.boot.test.autoconfigure.web.servlet.MockMvcSecurityAutoConfiguration, org.springframework.boot.test.autoconfigure.web.servlet.MockMvcWebClientAutoConfiguration, org.springframework.boot.test.autoconfigure.web.servlet.MockMvcWebDriverAutoConfiguration]], org.springframework.boot.test.context.filter.ExcludeFilterContextCustomizer@2117ed2e, org.springframework.boot.test.json.DuplicateJsonObjectContextCustomizerFactory$DuplicateJsonObjectContextCustomizer@72f8f70d, org.springframework.boot.test.mock.mockito.MockitoContextCustomizer@0], resourceBasePath = 'src/main/webapp', contextLoader = 'org.springframework.boot.test.context.SpringBootContextLoader', parent = [null]], attributes = map[[empty]]]].
18:10:18.722 [Test worker] DEBUG org.springframework.test.context.support.TestPropertySourceUtils - Adding inlined properties to environment: {spring.jmx.enabled=false, org.springframework.boot.test.autoconfigure.web.servlet.WebMvcTestContextBootstrapper=true, server.port=-1}

  .   ____          _            __ _ _
 /\\ / ___'_ __ _ _(_)_ __  __ _ \ \ \ \
( ( )\___ | '_ | '_| | '_ \/ _` | \ \ \ \
 \\/  ___)| |_)| | | | | || (_| |  ) ) ) )
  '  |____| .__|_| |_|_| |_\__, | / / / /
 =========|_|==============|___/=/_/_/_/
 :: Spring Boot ::        (v2.1.7.RELEASE)

2020-10-21 18:10:19.044  INFO 11196 --- [    Test worker] me.yisak.web.HelloControllerTest         : Starting HelloControllerTest on 205-15 with PID 11196 (started by Administrator in C:\Users\Public\Documents\springboot2-webservice)
2020-10-21 18:10:19.049  INFO 11196 --- [    Test worker] me.yisak.web.HelloControllerTest         : No active profile set, falling back to default profiles: default
2020-10-21 18:10:21.086  INFO 11196 --- [    Test worker] o.s.s.concurrent.ThreadPoolTaskExecutor  : Initializing ExecutorService 'applicationTaskExecutor'
2020-10-21 18:10:21.190  INFO 11196 --- [    Test worker] o.s.b.a.w.s.WelcomePageHandlerMapping    : Adding welcome page template: index
2020-10-21 18:10:21.696  INFO 11196 --- [    Test worker] .s.s.UserDetailsServiceAutoConfiguration : 

Using generated security password: 11c63e7a-9930-4e8f-90b0-f1066b44530e

2020-10-21 18:10:21.978  INFO 11196 --- [    Test worker] o.s.s.web.DefaultSecurityFilterChain     : Creating filter chain: any request, [org.springframework.security.web.context.request.async.WebAsyncManagerIntegrationFilter@11ad7736, org.springframework.security.web.context.SecurityContextPersistenceFilter@3554e660, org.springframework.security.web.header.HeaderWriterFilter@20a59d02, org.springframework.security.web.csrf.CsrfFilter@9a9146d, org.springframework.security.web.authentication.logout.LogoutFilter@62d47f60, org.springframework.security.web.authentication.UsernamePasswordAuthenticationFilter@57e4ab4a, org.springframework.security.web.authentication.ui.DefaultLoginPageGeneratingFilter@2cd85e8a, org.springframework.security.web.authentication.ui.DefaultLogoutPageGeneratingFilter@3f69ee41, org.springframework.security.web.authentication.www.BasicAuthenticationFilter@2237ab13, org.springframework.security.web.savedrequest.RequestCacheAwareFilter@221e7faa, org.springframework.security.web.servletapi.SecurityContextHolderAwareRequestFilter@d4f976, org.springframework.security.web.authentication.AnonymousAuthenticationFilter@71397a48, org.springframework.security.web.session.SessionManagementFilter@7f0e48a4, org.springframework.security.web.access.ExceptionTranslationFilter@267e0da0, org.springframework.security.web.access.intercept.FilterSecurityInterceptor@54fe1de]
2020-10-21 18:10:22.046  INFO 11196 --- [    Test worker] o.s.b.t.m.w.SpringBootMockServletContext : Initializing Spring TestDispatcherServlet ''
2020-10-21 18:10:22.047  INFO 11196 --- [    Test worker] o.s.t.web.servlet.TestDispatcherServlet  : Initializing Servlet ''
2020-10-21 18:10:22.071  INFO 11196 --- [    Test worker] o.s.t.web.servlet.TestDispatcherServlet  : Completed initialization in 24 ms
2020-10-21 18:10:22.125  INFO 11196 --- [    Test worker] me.yisak.web.HelloControllerTest         : Started HelloControllerTest in 3.394 seconds (JVM running for 4.647)
]]></system-out>
  <system-err><![CDATA[]]></system-err>
</testsuite>
