<?xml version="1.0" encoding="UTF-8"?>
<testsuite name="me.yisak.web.PostsApiControllerTest" tests="2" skipped="0" failures="0" errors="0" timestamp="2020-10-24T04:05:24" hostname="Choui-iMac.local" time="0.199">
  <properties/>
  <testcase name="Posts_등록된다" classname="me.yisak.web.PostsApiControllerTest" time="0.154"/>
  <testcase name="Posts_수정된다" classname="me.yisak.web.PostsApiControllerTest" time="0.044"/>
  <system-out><![CDATA[2020-10-24 13:05:24.389  INFO 4764 --- [    Test worker] .b.t.c.SpringBootTestContextBootstrapper : Neither @ContextConfiguration nor @ContextHierarchy found for test class [me.yisak.web.PostsApiControllerTest], using SpringBootContextLoader
2020-10-24 13:05:24.390  INFO 4764 --- [    Test worker] o.s.t.c.support.AbstractContextLoader    : Could not detect default resource locations for test class [me.yisak.web.PostsApiControllerTest]: no resource found for suffixes {-context.xml, Context.groovy}.
2020-10-24 13:05:24.390  INFO 4764 --- [    Test worker] t.c.s.AnnotationConfigContextLoaderUtils : Could not detect default configuration classes for test class [me.yisak.web.PostsApiControllerTest]: PostsApiControllerTest does not declare any static, non-private, non-final, nested classes annotated with @Configuration.
2020-10-24 13:05:24.391  INFO 4764 --- [    Test worker] .b.t.c.SpringBootTestContextBootstrapper : Found @SpringBootConfiguration me.yisak.Application for test class me.yisak.web.PostsApiControllerTest
2020-10-24 13:05:24.392  INFO 4764 --- [    Test worker] .b.t.c.SpringBootTestContextBootstrapper : Loaded default TestExecutionListener class names from location [META-INF/spring.factories]: [org.springframework.security.test.context.support.WithSecurityContextTestExecutionListener, org.springframework.security.test.context.support.ReactorContextTestExecutionListener, org.springframework.boot.test.autoconfigure.restdocs.RestDocsTestExecutionListener, org.springframework.boot.test.autoconfigure.web.client.MockRestServiceServerResetTestExecutionListener, org.springframework.boot.test.autoconfigure.web.servlet.MockMvcPrintOnlyOnFailureTestExecutionListener, org.springframework.boot.test.autoconfigure.web.servlet.WebDriverTestExecutionListener, org.springframework.boot.test.mock.mockito.MockitoTestExecutionListener, org.springframework.boot.test.mock.mockito.ResetMocksTestExecutionListener, org.springframework.test.context.web.ServletTestExecutionListener, org.springframework.test.context.support.DirtiesContextBeforeModesTestExecutionListener, org.springframework.test.context.support.DependencyInjectionTestExecutionListener, org.springframework.test.context.support.DirtiesContextTestExecutionListener, org.springframework.test.context.transaction.TransactionalTestExecutionListener, org.springframework.test.context.jdbc.SqlScriptsTestExecutionListener]
2020-10-24 13:05:24.393  INFO 4764 --- [    Test worker] .b.t.c.SpringBootTestContextBootstrapper : Using TestExecutionListeners: [org.springframework.test.context.web.ServletTestExecutionListener@4a447eb9, org.springframework.test.context.support.DirtiesContextBeforeModesTestExecutionListener@7c1cef07, org.springframework.boot.test.mock.mockito.MockitoTestExecutionListener@68205b7e, org.springframework.boot.test.autoconfigure.SpringBootDependencyInjectionTestExecutionListener@46bd3d91, org.springframework.test.context.support.DirtiesContextTestExecutionListener@2f652249, org.springframework.test.context.transaction.TransactionalTestExecutionListener@341a8475, org.springframework.test.context.jdbc.SqlScriptsTestExecutionListener@5e8bc223, org.springframework.security.test.context.support.WithSecurityContextTestExecutionListener@71f53dd6, org.springframework.security.test.context.support.ReactorContextTestExecutionListener@77043ecb, org.springframework.boot.test.autoconfigure.restdocs.RestDocsTestExecutionListener@175d2572, org.springframework.boot.test.autoconfigure.web.client.MockRestServiceServerResetTestExecutionListener@17476760, org.springframework.boot.test.autoconfigure.web.servlet.MockMvcPrintOnlyOnFailureTestExecutionListener@4f04e3d3, org.springframework.boot.test.autoconfigure.web.servlet.WebDriverTestExecutionListener@19a06e9e, org.springframework.boot.test.mock.mockito.ResetMocksTestExecutionListener@6728be6d]
2020-10-24 13:05:24.399  INFO 4764 --- [    Test worker] o.a.c.c.C.[Tomcat].[localhost].[/]       : Initializing Spring TestDispatcherServlet ''
2020-10-24 13:05:24.399  INFO 4764 --- [    Test worker] o.s.t.web.servlet.TestDispatcherServlet  : Initializing Servlet ''
2020-10-24 13:05:24.402  INFO 4764 --- [    Test worker] o.s.t.web.servlet.TestDispatcherServlet  : Completed initialization in 3 ms
Hibernate: insert into posts (created_date, modified_date, author, content, title) values (?, ?, ?, ?, ?)
Hibernate: select posts0_.id as id1_0_, posts0_.created_date as created_2_0_, posts0_.modified_date as modified3_0_, posts0_.author as author4_0_, posts0_.content as content5_0_, posts0_.title as title6_0_ from posts posts0_
Hibernate: select posts0_.id as id1_0_, posts0_.created_date as created_2_0_, posts0_.modified_date as modified3_0_, posts0_.author as author4_0_, posts0_.content as content5_0_, posts0_.title as title6_0_ from posts posts0_
Hibernate: delete from posts where id=?
2020-10-24 13:05:24.553  INFO 4764 --- [    Test worker] o.a.c.c.C.[Tomcat].[localhost].[/]       : Initializing Spring TestDispatcherServlet ''
2020-10-24 13:05:24.553  INFO 4764 --- [    Test worker] o.s.t.web.servlet.TestDispatcherServlet  : Initializing Servlet ''
2020-10-24 13:05:24.556  INFO 4764 --- [    Test worker] o.s.t.web.servlet.TestDispatcherServlet  : Completed initialization in 3 ms
Hibernate: insert into posts (created_date, modified_date, author, content, title) values (?, ?, ?, ?, ?)
Hibernate: select posts0_.id as id1_0_0_, posts0_.created_date as created_2_0_0_, posts0_.modified_date as modified3_0_0_, posts0_.author as author4_0_0_, posts0_.content as content5_0_0_, posts0_.title as title6_0_0_ from posts posts0_ where posts0_.id=?
Hibernate: update posts set created_date=?, modified_date=?, author=?, content=?, title=? where id=?
Hibernate: select posts0_.id as id1_0_, posts0_.created_date as created_2_0_, posts0_.modified_date as modified3_0_, posts0_.author as author4_0_, posts0_.content as content5_0_, posts0_.title as title6_0_ from posts posts0_
Hibernate: select posts0_.id as id1_0_, posts0_.created_date as created_2_0_, posts0_.modified_date as modified3_0_, posts0_.author as author4_0_, posts0_.content as content5_0_, posts0_.title as title6_0_ from posts posts0_
Hibernate: delete from posts where id=?
]]></system-out>
  <system-err><![CDATA[]]></system-err>
</testsuite>
