<?xml version="1.0" encoding="UTF-8"?>
<testsuite name="me.yisak.web.IndexControllerTest" tests="1" skipped="0" failures="0" errors="0" timestamp="2020-10-24T04:05:24" hostname="Choui-iMac.local" time="0.078">
  <properties/>
  <testcase name="메인페이지_로딩" classname="me.yisak.web.IndexControllerTest" time="0.078"/>
  <system-out><![CDATA[2020-10-24 13:05:24.297  INFO 4764 --- [    Test worker] .b.t.c.SpringBootTestContextBootstrapper : Neither @ContextConfiguration nor @ContextHierarchy found for test class [me.yisak.web.IndexControllerTest], using SpringBootContextLoader
2020-10-24 13:05:24.298  INFO 4764 --- [    Test worker] o.s.t.c.support.AbstractContextLoader    : Could not detect default resource locations for test class [me.yisak.web.IndexControllerTest]: no resource found for suffixes {-context.xml, Context.groovy}.
2020-10-24 13:05:24.299  INFO 4764 --- [    Test worker] t.c.s.AnnotationConfigContextLoaderUtils : Could not detect default configuration classes for test class [me.yisak.web.IndexControllerTest]: IndexControllerTest does not declare any static, non-private, non-final, nested classes annotated with @Configuration.
2020-10-24 13:05:24.301  INFO 4764 --- [    Test worker] .b.t.c.SpringBootTestContextBootstrapper : Found @SpringBootConfiguration me.yisak.Application for test class me.yisak.web.IndexControllerTest
2020-10-24 13:05:24.302  INFO 4764 --- [    Test worker] .b.t.c.SpringBootTestContextBootstrapper : Loaded default TestExecutionListener class names from location [META-INF/spring.factories]: [org.springframework.security.test.context.support.WithSecurityContextTestExecutionListener, org.springframework.security.test.context.support.ReactorContextTestExecutionListener, org.springframework.boot.test.autoconfigure.restdocs.RestDocsTestExecutionListener, org.springframework.boot.test.autoconfigure.web.client.MockRestServiceServerResetTestExecutionListener, org.springframework.boot.test.autoconfigure.web.servlet.MockMvcPrintOnlyOnFailureTestExecutionListener, org.springframework.boot.test.autoconfigure.web.servlet.WebDriverTestExecutionListener, org.springframework.boot.test.mock.mockito.MockitoTestExecutionListener, org.springframework.boot.test.mock.mockito.ResetMocksTestExecutionListener, org.springframework.test.context.web.ServletTestExecutionListener, org.springframework.test.context.support.DirtiesContextBeforeModesTestExecutionListener, org.springframework.test.context.support.DependencyInjectionTestExecutionListener, org.springframework.test.context.support.DirtiesContextTestExecutionListener, org.springframework.test.context.transaction.TransactionalTestExecutionListener, org.springframework.test.context.jdbc.SqlScriptsTestExecutionListener]
2020-10-24 13:05:24.307  INFO 4764 --- [    Test worker] .b.t.c.SpringBootTestContextBootstrapper : Using TestExecutionListeners: [org.springframework.test.context.web.ServletTestExecutionListener@6d5ef990, org.springframework.test.context.support.DirtiesContextBeforeModesTestExecutionListener@12bd21a3, org.springframework.boot.test.mock.mockito.MockitoTestExecutionListener@4704722b, org.springframework.boot.test.autoconfigure.SpringBootDependencyInjectionTestExecutionListener@58637dc6, org.springframework.test.context.support.DirtiesContextTestExecutionListener@426b8d23, org.springframework.test.context.transaction.TransactionalTestExecutionListener@39200cf4, org.springframework.test.context.jdbc.SqlScriptsTestExecutionListener@5dd1a4d1, org.springframework.security.test.context.support.WithSecurityContextTestExecutionListener@1e9f7fe0, org.springframework.security.test.context.support.ReactorContextTestExecutionListener@83eb85, org.springframework.boot.test.autoconfigure.restdocs.RestDocsTestExecutionListener@397d00cd, org.springframework.boot.test.autoconfigure.web.client.MockRestServiceServerResetTestExecutionListener@69dacc1f, org.springframework.boot.test.autoconfigure.web.servlet.MockMvcPrintOnlyOnFailureTestExecutionListener@c5fcebb, org.springframework.boot.test.autoconfigure.web.servlet.WebDriverTestExecutionListener@139fd376, org.springframework.boot.test.mock.mockito.ResetMocksTestExecutionListener@42b5c2a0]
Hibernate: select posts0_.id as id1_0_, posts0_.created_date as created_2_0_, posts0_.modified_date as modified3_0_, posts0_.author as author4_0_, posts0_.content as content5_0_, posts0_.title as title6_0_ from posts posts0_ order by posts0_.id DESC
]]></system-out>
  <system-err><![CDATA[]]></system-err>
</testsuite>
