<?xml version="1.0" encoding="UTF-8"?>
<testsuite name="me.yisak.domain.posts.PostsRepositoryTest" tests="2" skipped="0" failures="0" errors="0" timestamp="2020-10-22T12:08:44" hostname="Choui-iMac.local" time="0.031">
  <properties/>
  <testcase name="게시글저장_불러오기" classname="me.yisak.domain.posts.PostsRepositoryTest" time="0.018"/>
  <testcase name="BaseTimeEntity_등록" classname="me.yisak.domain.posts.PostsRepositoryTest" time="0.012"/>
  <system-out><![CDATA[2020-10-22 21:08:43.400  INFO 4908 --- [    Test worker] .b.t.c.SpringBootTestContextBootstrapper : Neither @ContextConfiguration nor @ContextHierarchy found for test class [me.yisak.domain.posts.PostsRepositoryTest], using SpringBootContextLoader
2020-10-22 21:08:43.400  INFO 4908 --- [    Test worker] o.s.t.c.support.AbstractContextLoader    : Could not detect default resource locations for test class [me.yisak.domain.posts.PostsRepositoryTest]: no resource found for suffixes {-context.xml, Context.groovy}.
2020-10-22 21:08:43.401  INFO 4908 --- [    Test worker] t.c.s.AnnotationConfigContextLoaderUtils : Could not detect default configuration classes for test class [me.yisak.domain.posts.PostsRepositoryTest]: PostsRepositoryTest does not declare any static, non-private, non-final, nested classes annotated with @Configuration.
2020-10-22 21:08:43.406  INFO 4908 --- [    Test worker] .b.t.c.SpringBootTestContextBootstrapper : Found @SpringBootConfiguration me.yisak.Application for test class me.yisak.domain.posts.PostsRepositoryTest
2020-10-22 21:08:43.407  INFO 4908 --- [    Test worker] .b.t.c.SpringBootTestContextBootstrapper : Loaded default TestExecutionListener class names from location [META-INF/spring.factories]: [org.springframework.security.test.context.support.WithSecurityContextTestExecutionListener, org.springframework.security.test.context.support.ReactorContextTestExecutionListener, org.springframework.boot.test.autoconfigure.restdocs.RestDocsTestExecutionListener, org.springframework.boot.test.autoconfigure.web.client.MockRestServiceServerResetTestExecutionListener, org.springframework.boot.test.autoconfigure.web.servlet.MockMvcPrintOnlyOnFailureTestExecutionListener, org.springframework.boot.test.autoconfigure.web.servlet.WebDriverTestExecutionListener, org.springframework.boot.test.mock.mockito.MockitoTestExecutionListener, org.springframework.boot.test.mock.mockito.ResetMocksTestExecutionListener, org.springframework.test.context.web.ServletTestExecutionListener, org.springframework.test.context.support.DirtiesContextBeforeModesTestExecutionListener, org.springframework.test.context.support.DependencyInjectionTestExecutionListener, org.springframework.test.context.support.DirtiesContextTestExecutionListener, org.springframework.test.context.transaction.TransactionalTestExecutionListener, org.springframework.test.context.jdbc.SqlScriptsTestExecutionListener]
2020-10-22 21:08:43.408  INFO 4908 --- [    Test worker] .b.t.c.SpringBootTestContextBootstrapper : Using TestExecutionListeners: [org.springframework.test.context.web.ServletTestExecutionListener@28007fd, org.springframework.test.context.support.DirtiesContextBeforeModesTestExecutionListener@2291aa1, org.springframework.boot.test.mock.mockito.MockitoTestExecutionListener@72d7894f, org.springframework.boot.test.autoconfigure.SpringBootDependencyInjectionTestExecutionListener@f2f9d5e, org.springframework.test.context.support.DirtiesContextTestExecutionListener@d12dca9, org.springframework.test.context.transaction.TransactionalTestExecutionListener@472433b8, org.springframework.test.context.jdbc.SqlScriptsTestExecutionListener@9f747e2, org.springframework.security.test.context.support.WithSecurityContextTestExecutionListener@7ac1feef, org.springframework.security.test.context.support.ReactorContextTestExecutionListener@61ad928a, org.springframework.boot.test.autoconfigure.restdocs.RestDocsTestExecutionListener@7f2c4f4, org.springframework.boot.test.autoconfigure.web.client.MockRestServiceServerResetTestExecutionListener@34095bbf, org.springframework.boot.test.autoconfigure.web.servlet.MockMvcPrintOnlyOnFailureTestExecutionListener@414aed57, org.springframework.boot.test.autoconfigure.web.servlet.WebDriverTestExecutionListener@4cfe1e36, org.springframework.boot.test.mock.mockito.ResetMocksTestExecutionListener@5dbab639]

  .   ____          _            __ _ _
 /\\ / ___'_ __ _ _(_)_ __  __ _ \ \ \ \
( ( )\___ | '_ | '_| | '_ \/ _` | \ \ \ \
 \\/  ___)| |_)| | | | | || (_| |  ) ) ) )
  '  |____| .__|_| |_|_| |_\__, | / / / /
 =========|_|==============|___/=/_/_/_/
 :: Spring Boot ::        (v2.1.7.RELEASE)

2020-10-22 21:08:43.433  INFO 4908 --- [    Test worker] m.y.domain.posts.PostsRepositoryTest     : Starting PostsRepositoryTest on Choui-iMac.local with PID 4908 (started by chochoi in /Users/chochoi/Desktop/git/backup/springboot2-webservice)
2020-10-22 21:08:43.433  INFO 4908 --- [    Test worker] m.y.domain.posts.PostsRepositoryTest     : The following profiles are active: oauth
2020-10-22 21:08:43.710  INFO 4908 --- [    Test worker] .s.d.r.c.RepositoryConfigurationDelegate : Bootstrapping Spring Data repositories in DEFAULT mode.
2020-10-22 21:08:43.724  INFO 4908 --- [    Test worker] .s.d.r.c.RepositoryConfigurationDelegate : Finished Spring Data repository scanning in 14ms. Found 2 repository interfaces.
2020-10-22 21:08:43.800  INFO 4908 --- [    Test worker] trationDelegate$BeanPostProcessorChecker : Bean 'org.springframework.transaction.annotation.ProxyTransactionManagementConfiguration' of type [org.springframework.transaction.annotation.ProxyTransactionManagementConfiguration$$EnhancerBySpringCGLIB$$fb7f2743] is not eligible for getting processed by all BeanPostProcessors (for example: not eligible for auto-proxying)
2020-10-22 21:08:43.866  INFO 4908 --- [    Test worker] com.zaxxer.hikari.HikariDataSource       : HikariPool-2 - Starting...
2020-10-22 21:08:43.867  INFO 4908 --- [    Test worker] com.zaxxer.hikari.HikariDataSource       : HikariPool-2 - Start completed.
2020-10-22 21:08:43.884  INFO 4908 --- [    Test worker] o.hibernate.jpa.internal.util.LogHelper  : HHH000204: Processing PersistenceUnitInfo [
	name: default
	...]
2020-10-22 21:08:43.889  INFO 4908 --- [    Test worker] org.hibernate.dialect.Dialect            : HHH000400: Using dialect: org.hibernate.dialect.MySQL5InnoDBDialect
Hibernate: drop table if exists posts
Hibernate: drop table if exists user
Hibernate: create table posts (id bigint not null auto_increment, created_date datetime, modified_date datetime, author varchar(255), content TEXT not null, title varchar(500) not null, primary key (id)) engine=InnoDB
Hibernate: create table user (id bigint not null auto_increment, created_date datetime, modified_date datetime, email varchar(255) not null, name varchar(255) not null, picture varchar(255), role varchar(255) not null, primary key (id)) engine=InnoDB
2020-10-22 21:08:43.926  INFO 4908 --- [    Test worker] o.h.t.schema.internal.SchemaCreatorImpl  : HHH000476: Executing import script 'org.hibernate.tool.schema.internal.exec.ScriptSourceInputNonExistentImpl@6d821dc3'
2020-10-22 21:08:43.927  INFO 4908 --- [    Test worker] j.LocalContainerEntityManagerFactoryBean : Initialized JPA EntityManagerFactory for persistence unit 'default'
2020-10-22 21:08:44.090  INFO 4908 --- [    Test worker] o.h.h.i.QueryTranslatorFactoryInitiator  : HHH000397: Using ASTQueryTranslatorFactory
2020-10-22 21:08:44.260  INFO 4908 --- [    Test worker] o.s.s.web.DefaultSecurityFilterChain     : Creating filter chain: any request, [org.springframework.security.web.context.request.async.WebAsyncManagerIntegrationFilter@41d3c662, org.springframework.security.web.context.SecurityContextPersistenceFilter@710d959, org.springframework.security.web.header.HeaderWriterFilter@7930a3f, org.springframework.security.web.authentication.logout.LogoutFilter@20be66e5, org.springframework.security.oauth2.client.web.OAuth2AuthorizationRequestRedirectFilter@2f05b0e0, org.springframework.security.oauth2.client.web.OAuth2LoginAuthenticationFilter@27fce7eb, org.springframework.security.web.authentication.ui.DefaultLoginPageGeneratingFilter@21e5b991, org.springframework.security.web.authentication.ui.DefaultLogoutPageGeneratingFilter@7fff7f57, org.springframework.security.web.savedrequest.RequestCacheAwareFilter@4879012f, org.springframework.security.web.servletapi.SecurityContextHolderAwareRequestFilter@57a438ed, org.springframework.security.web.authentication.AnonymousAuthenticationFilter@7dff42f8, org.springframework.security.web.session.SessionManagementFilter@62529cb4, org.springframework.security.web.access.ExceptionTranslationFilter@6255ae6a, org.springframework.security.web.access.intercept.FilterSecurityInterceptor@600bd33c]
2020-10-22 21:08:44.482  INFO 4908 --- [    Test worker] o.s.s.concurrent.ThreadPoolTaskExecutor  : Initializing ExecutorService 'applicationTaskExecutor'
2020-10-22 21:08:44.493  WARN 4908 --- [    Test worker] aWebConfiguration$JpaWebMvcConfiguration : spring.jpa.open-in-view is enabled by default. Therefore, database queries may be performed during view rendering. Explicitly configure spring.jpa.open-in-view to disable this warning
2020-10-22 21:08:44.515  INFO 4908 --- [    Test worker] o.s.b.a.w.s.WelcomePageHandlerMapping    : Adding welcome page template: index
2020-10-22 21:08:44.789  INFO 4908 --- [    Test worker] s.a.ScheduledAnnotationBeanPostProcessor : No TaskScheduler/ScheduledExecutorService bean found for scheduled processing
2020-10-22 21:08:44.790  INFO 4908 --- [    Test worker] m.y.domain.posts.PostsRepositoryTest     : Started PostsRepositoryTest in 1.38 seconds (JVM running for 9.851)
Hibernate: insert into posts (created_date, modified_date, author, content, title) values (?, ?, ?, ?, ?)
Hibernate: select posts0_.id as id1_0_, posts0_.created_date as created_2_0_, posts0_.modified_date as modified3_0_, posts0_.author as author4_0_, posts0_.content as content5_0_, posts0_.title as title6_0_ from posts posts0_
Hibernate: select posts0_.id as id1_0_, posts0_.created_date as created_2_0_, posts0_.modified_date as modified3_0_, posts0_.author as author4_0_, posts0_.content as content5_0_, posts0_.title as title6_0_ from posts posts0_
Hibernate: delete from posts where id=?
Hibernate: insert into posts (created_date, modified_date, author, content, title) values (?, ?, ?, ?, ?)
Hibernate: select posts0_.id as id1_0_, posts0_.created_date as created_2_0_, posts0_.modified_date as modified3_0_, posts0_.author as author4_0_, posts0_.content as content5_0_, posts0_.title as title6_0_ from posts posts0_
>@>@>@>@>@>@>@>@>@>>>>>>> createDate=2020-10-22T21:08:44.817, modifiedDate=2020-10-22T21:08:44.817
Hibernate: select posts0_.id as id1_0_, posts0_.created_date as created_2_0_, posts0_.modified_date as modified3_0_, posts0_.author as author4_0_, posts0_.content as content5_0_, posts0_.title as title6_0_ from posts posts0_
Hibernate: delete from posts where id=?
]]></system-out>
  <system-err><![CDATA[]]></system-err>
</testsuite>
