<?xml version="1.0" encoding="UTF-8"?>
<testsuite name="me.yisak.domain.posts.PostsRepositoryTest" tests="2" skipped="0" failures="0" errors="0" timestamp="2020-10-22T16:21:13" hostname="Choui-iMac.local" time="0.037">
  <properties/>
  <testcase name="게시글저장_불러오기" classname="me.yisak.domain.posts.PostsRepositoryTest" time="0.02"/>
  <testcase name="BaseTimeEntity_등록" classname="me.yisak.domain.posts.PostsRepositoryTest" time="0.015"/>
  <system-out><![CDATA[2020-10-23 01:21:11.928  INFO 24532 --- [    Test worker] .b.t.c.SpringBootTestContextBootstrapper : Neither @ContextConfiguration nor @ContextHierarchy found for test class [me.yisak.domain.posts.PostsRepositoryTest], using SpringBootContextLoader
2020-10-23 01:21:11.929  INFO 24532 --- [    Test worker] o.s.t.c.support.AbstractContextLoader    : Could not detect default resource locations for test class [me.yisak.domain.posts.PostsRepositoryTest]: no resource found for suffixes {-context.xml, Context.groovy}.
2020-10-23 01:21:11.932  INFO 24532 --- [    Test worker] t.c.s.AnnotationConfigContextLoaderUtils : Could not detect default configuration classes for test class [me.yisak.domain.posts.PostsRepositoryTest]: PostsRepositoryTest does not declare any static, non-private, non-final, nested classes annotated with @Configuration.
2020-10-23 01:21:11.937  INFO 24532 --- [    Test worker] .b.t.c.SpringBootTestContextBootstrapper : Found @SpringBootConfiguration me.yisak.Application for test class me.yisak.domain.posts.PostsRepositoryTest
2020-10-23 01:21:11.938  INFO 24532 --- [    Test worker] .b.t.c.SpringBootTestContextBootstrapper : Loaded default TestExecutionListener class names from location [META-INF/spring.factories]: [org.springframework.security.test.context.support.WithSecurityContextTestExecutionListener, org.springframework.security.test.context.support.ReactorContextTestExecutionListener, org.springframework.boot.test.autoconfigure.restdocs.RestDocsTestExecutionListener, org.springframework.boot.test.autoconfigure.web.client.MockRestServiceServerResetTestExecutionListener, org.springframework.boot.test.autoconfigure.web.servlet.MockMvcPrintOnlyOnFailureTestExecutionListener, org.springframework.boot.test.autoconfigure.web.servlet.WebDriverTestExecutionListener, org.springframework.boot.test.mock.mockito.MockitoTestExecutionListener, org.springframework.boot.test.mock.mockito.ResetMocksTestExecutionListener, org.springframework.test.context.web.ServletTestExecutionListener, org.springframework.test.context.support.DirtiesContextBeforeModesTestExecutionListener, org.springframework.test.context.support.DependencyInjectionTestExecutionListener, org.springframework.test.context.support.DirtiesContextTestExecutionListener, org.springframework.test.context.transaction.TransactionalTestExecutionListener, org.springframework.test.context.jdbc.SqlScriptsTestExecutionListener]
2020-10-23 01:21:11.940  INFO 24532 --- [    Test worker] .b.t.c.SpringBootTestContextBootstrapper : Using TestExecutionListeners: [org.springframework.test.context.web.ServletTestExecutionListener@3c188a0b, org.springframework.test.context.support.DirtiesContextBeforeModesTestExecutionListener@38c6046c, org.springframework.boot.test.mock.mockito.MockitoTestExecutionListener@7705d983, org.springframework.boot.test.autoconfigure.SpringBootDependencyInjectionTestExecutionListener@77d4ddd2, org.springframework.test.context.support.DirtiesContextTestExecutionListener@fe449f1, org.springframework.test.context.transaction.TransactionalTestExecutionListener@709c905, org.springframework.test.context.jdbc.SqlScriptsTestExecutionListener@5e99c1a6, org.springframework.security.test.context.support.WithSecurityContextTestExecutionListener@f72bdea, org.springframework.security.test.context.support.ReactorContextTestExecutionListener@22f4c634, org.springframework.boot.test.autoconfigure.restdocs.RestDocsTestExecutionListener@6bfc728e, org.springframework.boot.test.autoconfigure.web.client.MockRestServiceServerResetTestExecutionListener@7bf80aa6, org.springframework.boot.test.autoconfigure.web.servlet.MockMvcPrintOnlyOnFailureTestExecutionListener@617f75de, org.springframework.boot.test.autoconfigure.web.servlet.WebDriverTestExecutionListener@65bedaa3, org.springframework.boot.test.mock.mockito.ResetMocksTestExecutionListener@6ddebc98]

  .   ____          _            __ _ _
 /\\ / ___'_ __ _ _(_)_ __  __ _ \ \ \ \
( ( )\___ | '_ | '_| | '_ \/ _` | \ \ \ \
 \\/  ___)| |_)| | | | | || (_| |  ) ) ) )
  '  |____| .__|_| |_|_| |_\__, | / / / /
 =========|_|==============|___/=/_/_/_/
 :: Spring Boot ::        (v2.1.7.RELEASE)

2020-10-23 01:21:11.977  INFO 24532 --- [    Test worker] m.y.domain.posts.PostsRepositoryTest     : Starting PostsRepositoryTest on Choui-iMac.local with PID 24532 (started by chochoi in /Users/chochoi/Desktop/git/backup/springboot2-webservice)
2020-10-23 01:21:11.977  INFO 24532 --- [    Test worker] m.y.domain.posts.PostsRepositoryTest     : The following profiles are active: oauth
2020-10-23 01:21:12.144  INFO 24532 --- [    Test worker] .s.d.r.c.RepositoryConfigurationDelegate : Bootstrapping Spring Data repositories in DEFAULT mode.
2020-10-23 01:21:12.156  INFO 24532 --- [    Test worker] .s.d.r.c.RepositoryConfigurationDelegate : Finished Spring Data repository scanning in 12ms. Found 2 repository interfaces.
2020-10-23 01:21:12.235  INFO 24532 --- [    Test worker] trationDelegate$BeanPostProcessorChecker : Bean 'org.springframework.transaction.annotation.ProxyTransactionManagementConfiguration' of type [org.springframework.transaction.annotation.ProxyTransactionManagementConfiguration$$EnhancerBySpringCGLIB$$f439f621] is not eligible for getting processed by all BeanPostProcessors (for example: not eligible for auto-proxying)
2020-10-23 01:21:12.305  INFO 24532 --- [    Test worker] com.zaxxer.hikari.HikariDataSource       : HikariPool-2 - Starting...
2020-10-23 01:21:12.306  INFO 24532 --- [    Test worker] com.zaxxer.hikari.HikariDataSource       : HikariPool-2 - Start completed.
2020-10-23 01:21:12.324  INFO 24532 --- [    Test worker] o.hibernate.jpa.internal.util.LogHelper  : HHH000204: Processing PersistenceUnitInfo [
	name: default
	...]
2020-10-23 01:21:12.330  INFO 24532 --- [    Test worker] org.hibernate.dialect.Dialect            : HHH000400: Using dialect: org.hibernate.dialect.MySQL5InnoDBDialect
Hibernate: drop table if exists posts
Hibernate: drop table if exists user
Hibernate: create table posts (id bigint not null auto_increment, created_date datetime, modified_date datetime, author varchar(255), content TEXT not null, title varchar(500) not null, primary key (id)) engine=InnoDB
Hibernate: create table user (id bigint not null auto_increment, created_date datetime, modified_date datetime, email varchar(255) not null, name varchar(255) not null, picture varchar(255), role varchar(255) not null, primary key (id)) engine=InnoDB
2020-10-23 01:21:12.374  INFO 24532 --- [    Test worker] o.h.t.schema.internal.SchemaCreatorImpl  : HHH000476: Executing import script 'org.hibernate.tool.schema.internal.exec.ScriptSourceInputNonExistentImpl@20a751bf'
2020-10-23 01:21:12.375  INFO 24532 --- [    Test worker] j.LocalContainerEntityManagerFactoryBean : Initialized JPA EntityManagerFactory for persistence unit 'default'
2020-10-23 01:21:12.570  INFO 24532 --- [    Test worker] o.h.h.i.QueryTranslatorFactoryInitiator  : HHH000397: Using ASTQueryTranslatorFactory
2020-10-23 01:21:12.691  INFO 24532 --- [    Test worker] o.s.s.web.DefaultSecurityFilterChain     : Creating filter chain: any request, [org.springframework.security.web.context.request.async.WebAsyncManagerIntegrationFilter@2b37248b, org.springframework.security.web.context.SecurityContextPersistenceFilter@1818ee6a, org.springframework.security.web.header.HeaderWriterFilter@62e3470, org.springframework.security.web.authentication.logout.LogoutFilter@452b11a9, org.springframework.security.oauth2.client.web.OAuth2AuthorizationRequestRedirectFilter@75030d6d, org.springframework.security.oauth2.client.web.OAuth2LoginAuthenticationFilter@162ef2a9, org.springframework.security.web.authentication.ui.DefaultLoginPageGeneratingFilter@1a9fd72e, org.springframework.security.web.authentication.ui.DefaultLogoutPageGeneratingFilter@3154f55b, org.springframework.security.web.savedrequest.RequestCacheAwareFilter@355b572a, org.springframework.security.web.servletapi.SecurityContextHolderAwareRequestFilter@42216845, org.springframework.security.web.authentication.AnonymousAuthenticationFilter@5cd1ee79, org.springframework.security.web.session.SessionManagementFilter@316d316e, org.springframework.security.web.access.ExceptionTranslationFilter@7e0a6c97, org.springframework.security.web.access.intercept.FilterSecurityInterceptor@1551e50b]
2020-10-23 01:21:12.905  INFO 24532 --- [    Test worker] o.s.s.concurrent.ThreadPoolTaskExecutor  : Initializing ExecutorService 'applicationTaskExecutor'
2020-10-23 01:21:12.916  WARN 24532 --- [    Test worker] aWebConfiguration$JpaWebMvcConfiguration : spring.jpa.open-in-view is enabled by default. Therefore, database queries may be performed during view rendering. Explicitly configure spring.jpa.open-in-view to disable this warning
2020-10-23 01:21:12.942  INFO 24532 --- [    Test worker] o.s.b.a.w.s.WelcomePageHandlerMapping    : Adding welcome page template: index
2020-10-23 01:21:13.235  INFO 24532 --- [    Test worker] s.a.ScheduledAnnotationBeanPostProcessor : No TaskScheduler/ScheduledExecutorService bean found for scheduled processing
2020-10-23 01:21:13.236  INFO 24532 --- [    Test worker] m.y.domain.posts.PostsRepositoryTest     : Started PostsRepositoryTest in 1.294 seconds (JVM running for 9.471)
Hibernate: insert into posts (created_date, modified_date, author, content, title) values (?, ?, ?, ?, ?)
Hibernate: select posts0_.id as id1_0_, posts0_.created_date as created_2_0_, posts0_.modified_date as modified3_0_, posts0_.author as author4_0_, posts0_.content as content5_0_, posts0_.title as title6_0_ from posts posts0_
Hibernate: select posts0_.id as id1_0_, posts0_.created_date as created_2_0_, posts0_.modified_date as modified3_0_, posts0_.author as author4_0_, posts0_.content as content5_0_, posts0_.title as title6_0_ from posts posts0_
Hibernate: delete from posts where id=?
Hibernate: insert into posts (created_date, modified_date, author, content, title) values (?, ?, ?, ?, ?)
Hibernate: select posts0_.id as id1_0_, posts0_.created_date as created_2_0_, posts0_.modified_date as modified3_0_, posts0_.author as author4_0_, posts0_.content as content5_0_, posts0_.title as title6_0_ from posts posts0_
>@>@>@>@>@>@>@>@>@>>>>>>> createDate=2020-10-23T01:21:13.264, modifiedDate=2020-10-23T01:21:13.264
Hibernate: select posts0_.id as id1_0_, posts0_.created_date as created_2_0_, posts0_.modified_date as modified3_0_, posts0_.author as author4_0_, posts0_.content as content5_0_, posts0_.title as title6_0_ from posts posts0_
Hibernate: delete from posts where id=?
]]></system-out>
  <system-err><![CDATA[]]></system-err>
</testsuite>
