<?xml version="1.0" encoding="UTF-8"?>
<testsuite name="me.yisak.web.HelloControllerTest" tests="2" skipped="0" failures="0" errors="0" timestamp="2020-10-22T16:21:07" hostname="Choui-iMac.local" time="0.29">
  <properties/>
  <testcase name="hello가_리턴된다" classname="me.yisak.web.HelloControllerTest" time="0.217"/>
  <testcase name="helloDto가_리턴된다" classname="me.yisak.web.HelloControllerTest" time="0.071"/>
  <system-out><![CDATA[01:21:04.438 [Test worker] DEBUG org.springframework.test.context.junit4.SpringJUnit4ClassRunner - SpringJUnit4ClassRunner constructor called with [class me.yisak.web.HelloControllerTest]
01:21:04.450 [Test worker] DEBUG org.springframework.test.context.BootstrapUtils - Instantiating CacheAwareContextLoaderDelegate from class [org.springframework.test.context.cache.DefaultCacheAwareContextLoaderDelegate]
01:21:04.458 [Test worker] DEBUG org.springframework.test.context.BootstrapUtils - Instantiating BootstrapContext using constructor [public org.springframework.test.context.support.DefaultBootstrapContext(java.lang.Class,org.springframework.test.context.CacheAwareContextLoaderDelegate)]
01:21:04.476 [Test worker] DEBUG org.springframework.test.context.BootstrapUtils - Instantiating TestContextBootstrapper for test class [me.yisak.web.HelloControllerTest] from class [org.springframework.boot.test.autoconfigure.web.servlet.WebMvcTestContextBootstrapper]
01:21:04.495 [Test worker] INFO org.springframework.boot.test.autoconfigure.web.servlet.WebMvcTestContextBootstrapper - Neither @ContextConfiguration nor @ContextHierarchy found for test class [me.yisak.web.HelloControllerTest], using SpringBootContextLoader
01:21:04.500 [Test worker] DEBUG org.springframework.test.context.support.AbstractContextLoader - Did not detect default resource location for test class [me.yisak.web.HelloControllerTest]: class path resource [me/yisak/web/HelloControllerTest-context.xml] does not exist
01:21:04.501 [Test worker] DEBUG org.springframework.test.context.support.AbstractContextLoader - Did not detect default resource location for test class [me.yisak.web.HelloControllerTest]: class path resource [me/yisak/web/HelloControllerTestContext.groovy] does not exist
01:21:04.506 [Test worker] INFO org.springframework.test.context.support.AbstractContextLoader - Could not detect default resource locations for test class [me.yisak.web.HelloControllerTest]: no resource found for suffixes {-context.xml, Context.groovy}.
01:21:04.509 [Test worker] INFO org.springframework.test.context.support.AnnotationConfigContextLoaderUtils - Could not detect default configuration classes for test class [me.yisak.web.HelloControllerTest]: HelloControllerTest does not declare any static, non-private, non-final, nested classes annotated with @Configuration.
01:21:04.582 [Test worker] DEBUG org.springframework.test.context.support.ActiveProfilesUtils - Could not find an 'annotation declaring class' for annotation type [org.springframework.test.context.ActiveProfiles] and class [me.yisak.web.HelloControllerTest]
01:21:04.655 [Test worker] DEBUG org.springframework.context.annotation.ClassPathScanningCandidateComponentProvider - Identified candidate component class: file [/Users/chochoi/Desktop/git/backup/springboot2-webservice/build/classes/java/main/me/yisak/Application.class]
01:21:04.656 [Test worker] INFO org.springframework.boot.test.context.SpringBootTestContextBootstrapper - Found @SpringBootConfiguration me.yisak.Application for test class me.yisak.web.HelloControllerTest
01:21:04.658 [Test worker] DEBUG org.springframework.boot.test.autoconfigure.web.servlet.WebMvcTestContextBootstrapper - @TestExecutionListeners is not present for class [me.yisak.web.HelloControllerTest]: using defaults.
01:21:04.659 [Test worker] INFO org.springframework.boot.test.autoconfigure.web.servlet.WebMvcTestContextBootstrapper - Loaded default TestExecutionListener class names from location [META-INF/spring.factories]: [org.springframework.security.test.context.support.WithSecurityContextTestExecutionListener, org.springframework.security.test.context.support.ReactorContextTestExecutionListener, org.springframework.boot.test.autoconfigure.restdocs.RestDocsTestExecutionListener, org.springframework.boot.test.autoconfigure.web.client.MockRestServiceServerResetTestExecutionListener, org.springframework.boot.test.autoconfigure.web.servlet.MockMvcPrintOnlyOnFailureTestExecutionListener, org.springframework.boot.test.autoconfigure.web.servlet.WebDriverTestExecutionListener, org.springframework.boot.test.mock.mockito.MockitoTestExecutionListener, org.springframework.boot.test.mock.mockito.ResetMocksTestExecutionListener, org.springframework.test.context.web.ServletTestExecutionListener, org.springframework.test.context.support.DirtiesContextBeforeModesTestExecutionListener, org.springframework.test.context.support.DependencyInjectionTestExecutionListener, org.springframework.test.context.support.DirtiesContextTestExecutionListener, org.springframework.test.context.transaction.TransactionalTestExecutionListener, org.springframework.test.context.jdbc.SqlScriptsTestExecutionListener]
01:21:04.681 [Test worker] INFO org.springframework.boot.test.autoconfigure.web.servlet.WebMvcTestContextBootstrapper - Using TestExecutionListeners: [org.springframework.test.context.web.ServletTestExecutionListener@459864ea, org.springframework.test.context.support.DirtiesContextBeforeModesTestExecutionListener@6554b761, org.springframework.boot.test.mock.mockito.MockitoTestExecutionListener@5794447a, org.springframework.boot.test.autoconfigure.SpringBootDependencyInjectionTestExecutionListener@216f7840, org.springframework.test.context.support.DirtiesContextTestExecutionListener@2756f7b3, org.springframework.test.context.transaction.TransactionalTestExecutionListener@67f9b387, org.springframework.test.context.jdbc.SqlScriptsTestExecutionListener@123b8c96, org.springframework.security.test.context.support.WithSecurityContextTestExecutionListener@48cc4be9, org.springframework.security.test.context.support.ReactorContextTestExecutionListener@5837d62c, org.springframework.boot.test.autoconfigure.restdocs.RestDocsTestExecutionListener@72782326, org.springframework.boot.test.autoconfigure.web.client.MockRestServiceServerResetTestExecutionListener@3c695ec3, org.springframework.boot.test.autoconfigure.web.servlet.MockMvcPrintOnlyOnFailureTestExecutionListener@1650d9a4, org.springframework.boot.test.autoconfigure.web.servlet.WebDriverTestExecutionListener@70b0ebf4, org.springframework.boot.test.mock.mockito.ResetMocksTestExecutionListener@43e297d7]
01:21:04.683 [Test worker] DEBUG org.springframework.test.annotation.ProfileValueUtils - Retrieved @ProfileValueSourceConfiguration [null] for test class [me.yisak.web.HelloControllerTest]
01:21:04.684 [Test worker] DEBUG org.springframework.test.annotation.ProfileValueUtils - Retrieved ProfileValueSource type [class org.springframework.test.annotation.SystemProfileValueSource] for class [me.yisak.web.HelloControllerTest]
01:21:04.685 [Test worker] DEBUG org.springframework.test.annotation.ProfileValueUtils - Retrieved @ProfileValueSourceConfiguration [null] for test class [me.yisak.web.HelloControllerTest]
01:21:04.685 [Test worker] DEBUG org.springframework.test.annotation.ProfileValueUtils - Retrieved ProfileValueSource type [class org.springframework.test.annotation.SystemProfileValueSource] for class [me.yisak.web.HelloControllerTest]
01:21:04.689 [Test worker] DEBUG org.springframework.test.context.support.AbstractDirtiesContextTestExecutionListener - Before test class: context [DefaultTestContext@57b200a0 testClass = HelloControllerTest, testInstance = [null], testMethod = [null], testException = [null], mergedContextConfiguration = [WebMergedContextConfiguration@34e024a8 testClass = HelloControllerTest, locations = '{}', classes = '{class me.yisak.Application}', contextInitializerClasses = '[]', activeProfiles = '{}', propertySourceLocations = '{}', propertySourceProperties = '{org.springframework.boot.test.autoconfigure.web.servlet.WebMvcTestContextBootstrapper=true}', contextCustomizers = set[org.springframework.boot.test.autoconfigure.OverrideAutoConfigurationContextCustomizerFactory$DisableAutoConfigurationContextCustomizer@327db0b8, org.springframework.boot.test.autoconfigure.filter.TypeExcludeFiltersContextCustomizer@2338d3b6, org.springframework.boot.test.autoconfigure.properties.PropertyMappingContextCustomizer@9ffc8732, org.springframework.boot.test.autoconfigure.web.servlet.WebDriverContextCustomizerFactory$Customizer@1ac3e97c, [ImportsContextCustomizer@39fda6cd key = [org.springframework.boot.autoconfigure.cache.CacheAutoConfiguration, org.springframework.boot.autoconfigure.context.MessageSourceAutoConfiguration, org.springframework.boot.autoconfigure.data.web.SpringDataWebAutoConfiguration, org.springframework.boot.autoconfigure.freemarker.FreeMarkerAutoConfiguration, org.springframework.boot.autoconfigure.groovy.template.GroovyTemplateAutoConfiguration, org.springframework.boot.autoconfigure.gson.GsonAutoConfiguration, org.springframework.boot.autoconfigure.hateoas.HypermediaAutoConfiguration, org.springframework.boot.autoconfigure.http.HttpMessageConvertersAutoConfiguration, org.springframework.boot.autoconfigure.jackson.JacksonAutoConfiguration, org.springframework.boot.autoconfigure.jsonb.JsonbAutoConfiguration, org.springframework.boot.autoconfigure.mustache.MustacheAutoConfiguration, org.springframework.boot.autoconfigure.task.TaskExecutionAutoConfiguration, org.springframework.boot.autoconfigure.thymeleaf.ThymeleafAutoConfiguration, org.springframework.boot.autoconfigure.validation.ValidationAutoConfiguration, org.springframework.boot.autoconfigure.web.servlet.error.ErrorMvcAutoConfiguration, org.springframework.boot.autoconfigure.web.servlet.WebMvcAutoConfiguration, org.springframework.boot.test.autoconfigure.web.servlet.MockMvcAutoConfiguration, org.springframework.boot.test.autoconfigure.web.servlet.MockMvcSecurityAutoConfiguration, org.springframework.boot.test.autoconfigure.web.servlet.MockMvcWebClientAutoConfiguration, org.springframework.boot.test.autoconfigure.web.servlet.MockMvcWebDriverAutoConfiguration]], org.springframework.boot.test.context.filter.ExcludeFilterContextCustomizer@7516fc5a, org.springframework.boot.test.json.DuplicateJsonObjectContextCustomizerFactory$DuplicateJsonObjectContextCustomizer@418028b3, org.springframework.boot.test.mock.mockito.MockitoContextCustomizer@0], resourceBasePath = 'src/main/webapp', contextLoader = 'org.springframework.boot.test.context.SpringBootContextLoader', parent = [null]], attributes = map[[empty]]], class annotated with @DirtiesContext [false] with mode [null].
01:21:04.690 [Test worker] DEBUG org.springframework.test.annotation.ProfileValueUtils - Retrieved @ProfileValueSourceConfiguration [null] for test class [me.yisak.web.HelloControllerTest]
01:21:04.690 [Test worker] DEBUG org.springframework.test.annotation.ProfileValueUtils - Retrieved ProfileValueSource type [class org.springframework.test.annotation.SystemProfileValueSource] for class [me.yisak.web.HelloControllerTest]
01:21:04.694 [Test worker] DEBUG org.springframework.test.context.support.DependencyInjectionTestExecutionListener - Performing dependency injection for test context [[DefaultTestContext@57b200a0 testClass = HelloControllerTest, testInstance = me.yisak.web.HelloControllerTest@1b5ee37a, testMethod = [null], testException = [null], mergedContextConfiguration = [WebMergedContextConfiguration@34e024a8 testClass = HelloControllerTest, locations = '{}', classes = '{class me.yisak.Application}', contextInitializerClasses = '[]', activeProfiles = '{}', propertySourceLocations = '{}', propertySourceProperties = '{org.springframework.boot.test.autoconfigure.web.servlet.WebMvcTestContextBootstrapper=true}', contextCustomizers = set[org.springframework.boot.test.autoconfigure.OverrideAutoConfigurationContextCustomizerFactory$DisableAutoConfigurationContextCustomizer@327db0b8, org.springframework.boot.test.autoconfigure.filter.TypeExcludeFiltersContextCustomizer@2338d3b6, org.springframework.boot.test.autoconfigure.properties.PropertyMappingContextCustomizer@9ffc8732, org.springframework.boot.test.autoconfigure.web.servlet.WebDriverContextCustomizerFactory$Customizer@1ac3e97c, [ImportsContextCustomizer@39fda6cd key = [org.springframework.boot.autoconfigure.cache.CacheAutoConfiguration, org.springframework.boot.autoconfigure.context.MessageSourceAutoConfiguration, org.springframework.boot.autoconfigure.data.web.SpringDataWebAutoConfiguration, org.springframework.boot.autoconfigure.freemarker.FreeMarkerAutoConfiguration, org.springframework.boot.autoconfigure.groovy.template.GroovyTemplateAutoConfiguration, org.springframework.boot.autoconfigure.gson.GsonAutoConfiguration, org.springframework.boot.autoconfigure.hateoas.HypermediaAutoConfiguration, org.springframework.boot.autoconfigure.http.HttpMessageConvertersAutoConfiguration, org.springframework.boot.autoconfigure.jackson.JacksonAutoConfiguration, org.springframework.boot.autoconfigure.jsonb.JsonbAutoConfiguration, org.springframework.boot.autoconfigure.mustache.MustacheAutoConfiguration, org.springframework.boot.autoconfigure.task.TaskExecutionAutoConfiguration, org.springframework.boot.autoconfigure.thymeleaf.ThymeleafAutoConfiguration, org.springframework.boot.autoconfigure.validation.ValidationAutoConfiguration, org.springframework.boot.autoconfigure.web.servlet.error.ErrorMvcAutoConfiguration, org.springframework.boot.autoconfigure.web.servlet.WebMvcAutoConfiguration, org.springframework.boot.test.autoconfigure.web.servlet.MockMvcAutoConfiguration, org.springframework.boot.test.autoconfigure.web.servlet.MockMvcSecurityAutoConfiguration, org.springframework.boot.test.autoconfigure.web.servlet.MockMvcWebClientAutoConfiguration, org.springframework.boot.test.autoconfigure.web.servlet.MockMvcWebDriverAutoConfiguration]], org.springframework.boot.test.context.filter.ExcludeFilterContextCustomizer@7516fc5a, org.springframework.boot.test.json.DuplicateJsonObjectContextCustomizerFactory$DuplicateJsonObjectContextCustomizer@418028b3, org.springframework.boot.test.mock.mockito.MockitoContextCustomizer@0], resourceBasePath = 'src/main/webapp', contextLoader = 'org.springframework.boot.test.context.SpringBootContextLoader', parent = [null]], attributes = map[[empty]]]].
01:21:04.785 [Test worker] DEBUG org.springframework.test.context.support.TestPropertySourceUtils - Adding inlined properties to environment: {spring.jmx.enabled=false, org.springframework.boot.test.autoconfigure.web.servlet.WebMvcTestContextBootstrapper=true, server.port=-1}

  .   ____          _            __ _ _
 /\\ / ___'_ __ _ _(_)_ __  __ _ \ \ \ \
( ( )\___ | '_ | '_| | '_ \/ _` | \ \ \ \
 \\/  ___)| |_)| | | | | || (_| |  ) ) ) )
  '  |____| .__|_| |_|_| |_\__, | / / / /
 =========|_|==============|___/=/_/_/_/
 :: Spring Boot ::        (v2.1.7.RELEASE)

2020-10-23 01:21:05.247  INFO 24532 --- [    Test worker] me.yisak.web.HelloControllerTest         : Starting HelloControllerTest on Choui-iMac.local with PID 24532 (started by chochoi in /Users/chochoi/Desktop/git/backup/springboot2-webservice)
2020-10-23 01:21:05.248  INFO 24532 --- [    Test worker] me.yisak.web.HelloControllerTest         : The following profiles are active: oauth
2020-10-23 01:21:06.400  INFO 24532 --- [    Test worker] o.s.s.concurrent.ThreadPoolTaskExecutor  : Initializing ExecutorService 'applicationTaskExecutor'
2020-10-23 01:21:06.479  INFO 24532 --- [    Test worker] o.s.b.a.w.s.WelcomePageHandlerMapping    : Adding welcome page template: index
2020-10-23 01:21:06.807  INFO 24532 --- [    Test worker] .s.s.UserDetailsServiceAutoConfiguration : 

Using generated security password: 9e78f4f4-c666-438e-af86-92f987a16cfa

2020-10-23 01:21:06.967  INFO 24532 --- [    Test worker] o.s.s.web.DefaultSecurityFilterChain     : Creating filter chain: any request, [org.springframework.security.web.context.request.async.WebAsyncManagerIntegrationFilter@13688dcb, org.springframework.security.web.context.SecurityContextPersistenceFilter@235e2843, org.springframework.security.web.header.HeaderWriterFilter@22edbde6, org.springframework.security.web.csrf.CsrfFilter@37920e1c, org.springframework.security.web.authentication.logout.LogoutFilter@5efb887c, org.springframework.security.web.authentication.UsernamePasswordAuthenticationFilter@3207245d, org.springframework.security.web.authentication.ui.DefaultLoginPageGeneratingFilter@23e29b43, org.springframework.security.web.authentication.ui.DefaultLogoutPageGeneratingFilter@7a5876ca, org.springframework.security.web.authentication.www.BasicAuthenticationFilter@61a82598, org.springframework.security.web.savedrequest.RequestCacheAwareFilter@6cfb24e4, org.springframework.security.web.servletapi.SecurityContextHolderAwareRequestFilter@2310fc46, org.springframework.security.web.authentication.AnonymousAuthenticationFilter@286d81c6, org.springframework.security.web.session.SessionManagementFilter@388a8b4f, org.springframework.security.web.access.ExceptionTranslationFilter@e99bd82, org.springframework.security.web.access.intercept.FilterSecurityInterceptor@1907d44a]
2020-10-23 01:21:07.007  INFO 24532 --- [    Test worker] o.s.b.t.m.w.SpringBootMockServletContext : Initializing Spring TestDispatcherServlet ''
2020-10-23 01:21:07.007  INFO 24532 --- [    Test worker] o.s.t.web.servlet.TestDispatcherServlet  : Initializing Servlet ''
2020-10-23 01:21:07.019  INFO 24532 --- [    Test worker] o.s.t.web.servlet.TestDispatcherServlet  : Completed initialization in 12 ms
2020-10-23 01:21:07.059  INFO 24532 --- [    Test worker] me.yisak.web.HelloControllerTest         : Started HelloControllerTest in 2.265 seconds (JVM running for 3.293)
]]></system-out>
  <system-err><![CDATA[]]></system-err>
</testsuite>
