<?xml version="1.0" encoding="UTF-8"?>
<testsuite name="me.yisak.web.IndexControllerTest" tests="1" skipped="0" failures="0" errors="0" timestamp="2020-10-22T16:21:11" hostname="Choui-iMac.local" time="0.199">
  <properties/>
  <testcase name="메인페이지_로딩" classname="me.yisak.web.IndexControllerTest" time="0.199"/>
  <system-out><![CDATA[2020-10-23 01:21:07.360  INFO 24532 --- [    Test worker] .b.t.c.SpringBootTestContextBootstrapper : Neither @ContextConfiguration nor @ContextHierarchy found for test class [me.yisak.web.IndexControllerTest], using SpringBootContextLoader
2020-10-23 01:21:07.362  INFO 24532 --- [    Test worker] o.s.t.c.support.AbstractContextLoader    : Could not detect default resource locations for test class [me.yisak.web.IndexControllerTest]: no resource found for suffixes {-context.xml, Context.groovy}.
2020-10-23 01:21:07.367  INFO 24532 --- [    Test worker] t.c.s.AnnotationConfigContextLoaderUtils : Could not detect default configuration classes for test class [me.yisak.web.IndexControllerTest]: IndexControllerTest does not declare any static, non-private, non-final, nested classes annotated with @Configuration.
2020-10-23 01:21:07.370  INFO 24532 --- [    Test worker] .b.t.c.SpringBootTestContextBootstrapper : Found @SpringBootConfiguration me.yisak.Application for test class me.yisak.web.IndexControllerTest
2020-10-23 01:21:07.373  INFO 24532 --- [    Test worker] .b.t.c.SpringBootTestContextBootstrapper : Loaded default TestExecutionListener class names from location [META-INF/spring.factories]: [org.springframework.security.test.context.support.WithSecurityContextTestExecutionListener, org.springframework.security.test.context.support.ReactorContextTestExecutionListener, org.springframework.boot.test.autoconfigure.restdocs.RestDocsTestExecutionListener, org.springframework.boot.test.autoconfigure.web.client.MockRestServiceServerResetTestExecutionListener, org.springframework.boot.test.autoconfigure.web.servlet.MockMvcPrintOnlyOnFailureTestExecutionListener, org.springframework.boot.test.autoconfigure.web.servlet.WebDriverTestExecutionListener, org.springframework.boot.test.mock.mockito.MockitoTestExecutionListener, org.springframework.boot.test.mock.mockito.ResetMocksTestExecutionListener, org.springframework.test.context.web.ServletTestExecutionListener, org.springframework.test.context.support.DirtiesContextBeforeModesTestExecutionListener, org.springframework.test.context.support.DependencyInjectionTestExecutionListener, org.springframework.test.context.support.DirtiesContextTestExecutionListener, org.springframework.test.context.transaction.TransactionalTestExecutionListener, org.springframework.test.context.jdbc.SqlScriptsTestExecutionListener]
2020-10-23 01:21:07.374  INFO 24532 --- [    Test worker] .b.t.c.SpringBootTestContextBootstrapper : Using TestExecutionListeners: [org.springframework.test.context.web.ServletTestExecutionListener@417839ed, org.springframework.test.context.support.DirtiesContextBeforeModesTestExecutionListener@57908a98, org.springframework.boot.test.mock.mockito.MockitoTestExecutionListener@77d6cbee, org.springframework.boot.test.autoconfigure.SpringBootDependencyInjectionTestExecutionListener@62c8c72d, org.springframework.test.context.support.DirtiesContextTestExecutionListener@627f3dc8, org.springframework.test.context.transaction.TransactionalTestExecutionListener@31e8af55, org.springframework.test.context.jdbc.SqlScriptsTestExecutionListener@70208b3d, org.springframework.security.test.context.support.WithSecurityContextTestExecutionListener@5475cbbb, org.springframework.security.test.context.support.ReactorContextTestExecutionListener@4fff2d80, org.springframework.boot.test.autoconfigure.restdocs.RestDocsTestExecutionListener@3b99b12d, org.springframework.boot.test.autoconfigure.web.client.MockRestServiceServerResetTestExecutionListener@4f14bc00, org.springframework.boot.test.autoconfigure.web.servlet.MockMvcPrintOnlyOnFailureTestExecutionListener@35c68e4a, org.springframework.boot.test.autoconfigure.web.servlet.WebDriverTestExecutionListener@3e3265f, org.springframework.boot.test.mock.mockito.ResetMocksTestExecutionListener@7585efd7]

  .   ____          _            __ _ _
 /\\ / ___'_ __ _ _(_)_ __  __ _ \ \ \ \
( ( )\___ | '_ | '_| | '_ \/ _` | \ \ \ \
 \\/  ___)| |_)| | | | | || (_| |  ) ) ) )
  '  |____| .__|_| |_|_| |_\__, | / / / /
 =========|_|==============|___/=/_/_/_/
 :: Spring Boot ::        (v2.1.7.RELEASE)

2020-10-23 01:21:07.419  INFO 24532 --- [    Test worker] me.yisak.web.IndexControllerTest         : Starting IndexControllerTest on Choui-iMac.local with PID 24532 (started by chochoi in /Users/chochoi/Desktop/git/backup/springboot2-webservice)
2020-10-23 01:21:07.419  INFO 24532 --- [    Test worker] me.yisak.web.IndexControllerTest         : The following profiles are active: oauth
2020-10-23 01:21:07.795  INFO 24532 --- [    Test worker] .s.d.r.c.RepositoryConfigurationDelegate : Bootstrapping Spring Data repositories in DEFAULT mode.
2020-10-23 01:21:07.852  INFO 24532 --- [    Test worker] .s.d.r.c.RepositoryConfigurationDelegate : Finished Spring Data repository scanning in 50ms. Found 2 repository interfaces.
2020-10-23 01:21:08.093  INFO 24532 --- [    Test worker] trationDelegate$BeanPostProcessorChecker : Bean 'org.springframework.transaction.annotation.ProxyTransactionManagementConfiguration' of type [org.springframework.transaction.annotation.ProxyTransactionManagementConfiguration$$EnhancerBySpringCGLIB$$f439f621] is not eligible for getting processed by all BeanPostProcessors (for example: not eligible for auto-proxying)
2020-10-23 01:21:08.362  INFO 24532 --- [    Test worker] o.s.b.w.embedded.tomcat.TomcatWebServer  : Tomcat initialized with port(s): 0 (http)
2020-10-23 01:21:08.389  INFO 24532 --- [    Test worker] o.apache.catalina.core.StandardService   : Starting service [Tomcat]
2020-10-23 01:21:08.390  INFO 24532 --- [    Test worker] org.apache.catalina.core.StandardEngine  : Starting Servlet engine: [Apache Tomcat/9.0.22]
2020-10-23 01:21:08.508  INFO 24532 --- [    Test worker] o.a.c.c.C.[Tomcat].[localhost].[/]       : Initializing Spring embedded WebApplicationContext
2020-10-23 01:21:08.508  INFO 24532 --- [    Test worker] o.s.web.context.ContextLoader            : Root WebApplicationContext: initialization completed in 1087 ms
2020-10-23 01:21:08.738  INFO 24532 --- [    Test worker] com.zaxxer.hikari.HikariDataSource       : HikariPool-1 - Starting...
2020-10-23 01:21:08.907  INFO 24532 --- [    Test worker] com.zaxxer.hikari.HikariDataSource       : HikariPool-1 - Start completed.
2020-10-23 01:21:08.989  INFO 24532 --- [    Test worker] o.hibernate.jpa.internal.util.LogHelper  : HHH000204: Processing PersistenceUnitInfo [
	name: default
	...]
2020-10-23 01:21:09.062  INFO 24532 --- [    Test worker] org.hibernate.Version                    : HHH000412: Hibernate Core {5.3.10.Final}
2020-10-23 01:21:09.066  INFO 24532 --- [    Test worker] org.hibernate.cfg.Environment            : HHH000206: hibernate.properties not found
2020-10-23 01:21:09.124  INFO 24532 --- [    Test worker] o.hibernate.annotations.common.Version   : HCANN000001: Hibernate Commons Annotations {5.0.4.Final}
2020-10-23 01:21:09.285  INFO 24532 --- [    Test worker] org.hibernate.dialect.Dialect            : HHH000400: Using dialect: org.hibernate.dialect.MySQL5InnoDBDialect
Hibernate: drop table if exists posts
Hibernate: drop table if exists user
Hibernate: create table posts (id bigint not null auto_increment, created_date datetime, modified_date datetime, author varchar(255), content TEXT not null, title varchar(500) not null, primary key (id)) engine=InnoDB
Hibernate: create table user (id bigint not null auto_increment, created_date datetime, modified_date datetime, email varchar(255) not null, name varchar(255) not null, picture varchar(255), role varchar(255) not null, primary key (id)) engine=InnoDB
2020-10-23 01:21:10.137  INFO 24532 --- [    Test worker] o.h.t.schema.internal.SchemaCreatorImpl  : HHH000476: Executing import script 'org.hibernate.tool.schema.internal.exec.ScriptSourceInputNonExistentImpl@20a751bf'
2020-10-23 01:21:10.140  INFO 24532 --- [    Test worker] j.LocalContainerEntityManagerFactoryBean : Initialized JPA EntityManagerFactory for persistence unit 'default'
2020-10-23 01:21:10.687  INFO 24532 --- [    Test worker] o.h.h.i.QueryTranslatorFactoryInitiator  : HHH000397: Using ASTQueryTranslatorFactory
2020-10-23 01:21:10.942  INFO 24532 --- [    Test worker] o.s.s.web.DefaultSecurityFilterChain     : Creating filter chain: any request, [org.springframework.security.web.context.request.async.WebAsyncManagerIntegrationFilter@7a8f2c3, org.springframework.security.web.context.SecurityContextPersistenceFilter@7861ba81, org.springframework.security.web.header.HeaderWriterFilter@23502e0b, org.springframework.security.web.authentication.logout.LogoutFilter@2c409f4b, org.springframework.security.oauth2.client.web.OAuth2AuthorizationRequestRedirectFilter@593aea81, org.springframework.security.oauth2.client.web.OAuth2LoginAuthenticationFilter@d3a7a85, org.springframework.security.web.authentication.ui.DefaultLoginPageGeneratingFilter@59009358, org.springframework.security.web.authentication.ui.DefaultLogoutPageGeneratingFilter@48a3b4e7, org.springframework.security.web.savedrequest.RequestCacheAwareFilter@6bf20e1a, org.springframework.security.web.servletapi.SecurityContextHolderAwareRequestFilter@49705519, org.springframework.security.web.authentication.AnonymousAuthenticationFilter@16131124, org.springframework.security.web.session.SessionManagementFilter@451abf50, org.springframework.security.web.access.ExceptionTranslationFilter@59594b3c, org.springframework.security.web.access.intercept.FilterSecurityInterceptor@4646bdbe]
2020-10-23 01:21:11.097  INFO 24532 --- [    Test worker] o.s.s.concurrent.ThreadPoolTaskExecutor  : Initializing ExecutorService 'applicationTaskExecutor'
2020-10-23 01:21:11.111  WARN 24532 --- [    Test worker] aWebConfiguration$JpaWebMvcConfiguration : spring.jpa.open-in-view is enabled by default. Therefore, database queries may be performed during view rendering. Explicitly configure spring.jpa.open-in-view to disable this warning
2020-10-23 01:21:11.137  INFO 24532 --- [    Test worker] o.s.b.a.w.s.WelcomePageHandlerMapping    : Adding welcome page template: index
2020-10-23 01:21:11.459  INFO 24532 --- [    Test worker] s.a.ScheduledAnnotationBeanPostProcessor : No TaskScheduler/ScheduledExecutorService bean found for scheduled processing
2020-10-23 01:21:11.512  INFO 24532 --- [    Test worker] o.s.b.w.embedded.tomcat.TomcatWebServer  : Tomcat started on port(s): 49284 (http) with context path ''
2020-10-23 01:21:11.515  INFO 24532 --- [    Test worker] me.yisak.web.IndexControllerTest         : Started IndexControllerTest in 4.138 seconds (JVM running for 7.749)
2020-10-23 01:21:11.616  INFO 24532 --- [o-auto-1-exec-1] o.a.c.c.C.[Tomcat].[localhost].[/]       : Initializing Spring DispatcherServlet 'dispatcherServlet'
2020-10-23 01:21:11.616  INFO 24532 --- [o-auto-1-exec-1] o.s.web.servlet.DispatcherServlet        : Initializing Servlet 'dispatcherServlet'
2020-10-23 01:21:11.630  INFO 24532 --- [o-auto-1-exec-1] o.s.web.servlet.DispatcherServlet        : Completed initialization in 14 ms
Hibernate: select posts0_.id as id1_0_, posts0_.created_date as created_2_0_, posts0_.modified_date as modified3_0_, posts0_.author as author4_0_, posts0_.content as content5_0_, posts0_.title as title6_0_ from posts posts0_ order by posts0_.id DESC
]]></system-out>
  <system-err><![CDATA[]]></system-err>
</testsuite>
