<?xml version="1.0" encoding="UTF-8"?>
<testsuite name="me.yisak.web.HelloControllerTest" tests="2" skipped="0" failures="0" errors="0" timestamp="2020-10-22T16:49:13" hostname="Choui-iMac.local" time="0.33">
  <properties/>
  <testcase name="hello가_리턴된다" classname="me.yisak.web.HelloControllerTest" time="0.253"/>
  <testcase name="helloDto가_리턴된다" classname="me.yisak.web.HelloControllerTest" time="0.074"/>
  <system-out><![CDATA[01:49:10.534 [Test worker] DEBUG org.springframework.test.context.junit4.SpringJUnit4ClassRunner - SpringJUnit4ClassRunner constructor called with [class me.yisak.web.HelloControllerTest]
01:49:10.540 [Test worker] DEBUG org.springframework.test.context.BootstrapUtils - Instantiating CacheAwareContextLoaderDelegate from class [org.springframework.test.context.cache.DefaultCacheAwareContextLoaderDelegate]
01:49:10.548 [Test worker] DEBUG org.springframework.test.context.BootstrapUtils - Instantiating BootstrapContext using constructor [public org.springframework.test.context.support.DefaultBootstrapContext(java.lang.Class,org.springframework.test.context.CacheAwareContextLoaderDelegate)]
01:49:10.567 [Test worker] DEBUG org.springframework.test.context.BootstrapUtils - Instantiating TestContextBootstrapper for test class [me.yisak.web.HelloControllerTest] from class [org.springframework.boot.test.autoconfigure.web.servlet.WebMvcTestContextBootstrapper]
01:49:10.589 [Test worker] INFO org.springframework.boot.test.autoconfigure.web.servlet.WebMvcTestContextBootstrapper - Neither @ContextConfiguration nor @ContextHierarchy found for test class [me.yisak.web.HelloControllerTest], using SpringBootContextLoader
01:49:10.592 [Test worker] DEBUG org.springframework.test.context.support.AbstractContextLoader - Did not detect default resource location for test class [me.yisak.web.HelloControllerTest]: class path resource [me/yisak/web/HelloControllerTest-context.xml] does not exist
01:49:10.593 [Test worker] DEBUG org.springframework.test.context.support.AbstractContextLoader - Did not detect default resource location for test class [me.yisak.web.HelloControllerTest]: class path resource [me/yisak/web/HelloControllerTestContext.groovy] does not exist
01:49:10.594 [Test worker] INFO org.springframework.test.context.support.AbstractContextLoader - Could not detect default resource locations for test class [me.yisak.web.HelloControllerTest]: no resource found for suffixes {-context.xml, Context.groovy}.
01:49:10.595 [Test worker] INFO org.springframework.test.context.support.AnnotationConfigContextLoaderUtils - Could not detect default configuration classes for test class [me.yisak.web.HelloControllerTest]: HelloControllerTest does not declare any static, non-private, non-final, nested classes annotated with @Configuration.
01:49:10.695 [Test worker] DEBUG org.springframework.test.context.support.ActiveProfilesUtils - Could not find an 'annotation declaring class' for annotation type [org.springframework.test.context.ActiveProfiles] and class [me.yisak.web.HelloControllerTest]
01:49:10.828 [Test worker] DEBUG org.springframework.context.annotation.ClassPathScanningCandidateComponentProvider - Identified candidate component class: file [/Users/chochoi/Desktop/git/backup/springboot2-webservice/build/classes/java/main/me/yisak/Application.class]
01:49:10.832 [Test worker] INFO org.springframework.boot.test.context.SpringBootTestContextBootstrapper - Found @SpringBootConfiguration me.yisak.Application for test class me.yisak.web.HelloControllerTest
01:49:10.835 [Test worker] DEBUG org.springframework.boot.test.autoconfigure.web.servlet.WebMvcTestContextBootstrapper - @TestExecutionListeners is not present for class [me.yisak.web.HelloControllerTest]: using defaults.
01:49:10.837 [Test worker] INFO org.springframework.boot.test.autoconfigure.web.servlet.WebMvcTestContextBootstrapper - Loaded default TestExecutionListener class names from location [META-INF/spring.factories]: [org.springframework.security.test.context.support.WithSecurityContextTestExecutionListener, org.springframework.security.test.context.support.ReactorContextTestExecutionListener, org.springframework.boot.test.autoconfigure.restdocs.RestDocsTestExecutionListener, org.springframework.boot.test.autoconfigure.web.client.MockRestServiceServerResetTestExecutionListener, org.springframework.boot.test.autoconfigure.web.servlet.MockMvcPrintOnlyOnFailureTestExecutionListener, org.springframework.boot.test.autoconfigure.web.servlet.WebDriverTestExecutionListener, org.springframework.boot.test.mock.mockito.MockitoTestExecutionListener, org.springframework.boot.test.mock.mockito.ResetMocksTestExecutionListener, org.springframework.test.context.web.ServletTestExecutionListener, org.springframework.test.context.support.DirtiesContextBeforeModesTestExecutionListener, org.springframework.test.context.support.DependencyInjectionTestExecutionListener, org.springframework.test.context.support.DirtiesContextTestExecutionListener, org.springframework.test.context.transaction.TransactionalTestExecutionListener, org.springframework.test.context.jdbc.SqlScriptsTestExecutionListener]
01:49:10.881 [Test worker] INFO org.springframework.boot.test.autoconfigure.web.servlet.WebMvcTestContextBootstrapper - Using TestExecutionListeners: [org.springframework.test.context.web.ServletTestExecutionListener@d900906, org.springframework.test.context.support.DirtiesContextBeforeModesTestExecutionListener@4c5a5e98, org.springframework.boot.test.mock.mockito.MockitoTestExecutionListener@bb6b015, org.springframework.boot.test.autoconfigure.SpringBootDependencyInjectionTestExecutionListener@36fe2bc6, org.springframework.test.context.support.DirtiesContextTestExecutionListener@3b2bcc26, org.springframework.test.context.transaction.TransactionalTestExecutionListener@251bfb45, org.springframework.test.context.jdbc.SqlScriptsTestExecutionListener@1b93c1eb, org.springframework.security.test.context.support.WithSecurityContextTestExecutionListener@5cf47944, org.springframework.security.test.context.support.ReactorContextTestExecutionListener@39dbd400, org.springframework.boot.test.autoconfigure.restdocs.RestDocsTestExecutionListener@4360d1ad, org.springframework.boot.test.autoconfigure.web.client.MockRestServiceServerResetTestExecutionListener@4679ccb3, org.springframework.boot.test.autoconfigure.web.servlet.MockMvcPrintOnlyOnFailureTestExecutionListener@3938a361, org.springframework.boot.test.autoconfigure.web.servlet.WebDriverTestExecutionListener@5e240b92, org.springframework.boot.test.mock.mockito.ResetMocksTestExecutionListener@1b0c5442]
01:49:10.884 [Test worker] DEBUG org.springframework.test.annotation.ProfileValueUtils - Retrieved @ProfileValueSourceConfiguration [null] for test class [me.yisak.web.HelloControllerTest]
01:49:10.884 [Test worker] DEBUG org.springframework.test.annotation.ProfileValueUtils - Retrieved ProfileValueSource type [class org.springframework.test.annotation.SystemProfileValueSource] for class [me.yisak.web.HelloControllerTest]
01:49:10.885 [Test worker] DEBUG org.springframework.test.annotation.ProfileValueUtils - Retrieved @ProfileValueSourceConfiguration [null] for test class [me.yisak.web.HelloControllerTest]
01:49:10.885 [Test worker] DEBUG org.springframework.test.annotation.ProfileValueUtils - Retrieved ProfileValueSource type [class org.springframework.test.annotation.SystemProfileValueSource] for class [me.yisak.web.HelloControllerTest]
01:49:10.889 [Test worker] DEBUG org.springframework.test.context.support.AbstractDirtiesContextTestExecutionListener - Before test class: context [DefaultTestContext@2c5f4eca testClass = HelloControllerTest, testInstance = [null], testMethod = [null], testException = [null], mergedContextConfiguration = [WebMergedContextConfiguration@2077a733 testClass = HelloControllerTest, locations = '{}', classes = '{class me.yisak.Application}', contextInitializerClasses = '[]', activeProfiles = '{}', propertySourceLocations = '{}', propertySourceProperties = '{org.springframework.boot.test.autoconfigure.web.servlet.WebMvcTestContextBootstrapper=true}', contextCustomizers = set[org.springframework.boot.test.autoconfigure.OverrideAutoConfigurationContextCustomizerFactory$DisableAutoConfigurationContextCustomizer@5e471244, org.springframework.boot.test.autoconfigure.filter.TypeExcludeFiltersContextCustomizer@a5e9596d, org.springframework.boot.test.autoconfigure.properties.PropertyMappingContextCustomizer@ef2e9680, org.springframework.boot.test.autoconfigure.web.servlet.WebDriverContextCustomizerFactory$Customizer@6bbfc2e8, [ImportsContextCustomizer@2723ba51 key = [org.springframework.boot.autoconfigure.cache.CacheAutoConfiguration, org.springframework.boot.autoconfigure.context.MessageSourceAutoConfiguration, org.springframework.boot.autoconfigure.data.web.SpringDataWebAutoConfiguration, org.springframework.boot.autoconfigure.freemarker.FreeMarkerAutoConfiguration, org.springframework.boot.autoconfigure.groovy.template.GroovyTemplateAutoConfiguration, org.springframework.boot.autoconfigure.gson.GsonAutoConfiguration, org.springframework.boot.autoconfigure.hateoas.HypermediaAutoConfiguration, org.springframework.boot.autoconfigure.http.HttpMessageConvertersAutoConfiguration, org.springframework.boot.autoconfigure.jackson.JacksonAutoConfiguration, org.springframework.boot.autoconfigure.jsonb.JsonbAutoConfiguration, org.springframework.boot.autoconfigure.mustache.MustacheAutoConfiguration, org.springframework.boot.autoconfigure.task.TaskExecutionAutoConfiguration, org.springframework.boot.autoconfigure.thymeleaf.ThymeleafAutoConfiguration, org.springframework.boot.autoconfigure.validation.ValidationAutoConfiguration, org.springframework.boot.autoconfigure.web.servlet.error.ErrorMvcAutoConfiguration, org.springframework.boot.autoconfigure.web.servlet.WebMvcAutoConfiguration, org.springframework.boot.test.autoconfigure.web.servlet.MockMvcAutoConfiguration, org.springframework.boot.test.autoconfigure.web.servlet.MockMvcSecurityAutoConfiguration, org.springframework.boot.test.autoconfigure.web.servlet.MockMvcWebClientAutoConfiguration, org.springframework.boot.test.autoconfigure.web.servlet.MockMvcWebDriverAutoConfiguration]], org.springframework.boot.test.context.filter.ExcludeFilterContextCustomizer@255c043e, org.springframework.boot.test.json.DuplicateJsonObjectContextCustomizerFactory$DuplicateJsonObjectContextCustomizer@203a4d1d, org.springframework.boot.test.mock.mockito.MockitoContextCustomizer@0], resourceBasePath = 'src/main/webapp', contextLoader = 'org.springframework.boot.test.context.SpringBootContextLoader', parent = [null]], attributes = map[[empty]]], class annotated with @DirtiesContext [false] with mode [null].
01:49:10.889 [Test worker] DEBUG org.springframework.test.annotation.ProfileValueUtils - Retrieved @ProfileValueSourceConfiguration [null] for test class [me.yisak.web.HelloControllerTest]
01:49:10.891 [Test worker] DEBUG org.springframework.test.annotation.ProfileValueUtils - Retrieved ProfileValueSource type [class org.springframework.test.annotation.SystemProfileValueSource] for class [me.yisak.web.HelloControllerTest]
01:49:10.898 [Test worker] DEBUG org.springframework.test.context.support.DependencyInjectionTestExecutionListener - Performing dependency injection for test context [[DefaultTestContext@2c5f4eca testClass = HelloControllerTest, testInstance = me.yisak.web.HelloControllerTest@55a1810, testMethod = [null], testException = [null], mergedContextConfiguration = [WebMergedContextConfiguration@2077a733 testClass = HelloControllerTest, locations = '{}', classes = '{class me.yisak.Application}', contextInitializerClasses = '[]', activeProfiles = '{}', propertySourceLocations = '{}', propertySourceProperties = '{org.springframework.boot.test.autoconfigure.web.servlet.WebMvcTestContextBootstrapper=true}', contextCustomizers = set[org.springframework.boot.test.autoconfigure.OverrideAutoConfigurationContextCustomizerFactory$DisableAutoConfigurationContextCustomizer@5e471244, org.springframework.boot.test.autoconfigure.filter.TypeExcludeFiltersContextCustomizer@a5e9596d, org.springframework.boot.test.autoconfigure.properties.PropertyMappingContextCustomizer@ef2e9680, org.springframework.boot.test.autoconfigure.web.servlet.WebDriverContextCustomizerFactory$Customizer@6bbfc2e8, [ImportsContextCustomizer@2723ba51 key = [org.springframework.boot.autoconfigure.cache.CacheAutoConfiguration, org.springframework.boot.autoconfigure.context.MessageSourceAutoConfiguration, org.springframework.boot.autoconfigure.data.web.SpringDataWebAutoConfiguration, org.springframework.boot.autoconfigure.freemarker.FreeMarkerAutoConfiguration, org.springframework.boot.autoconfigure.groovy.template.GroovyTemplateAutoConfiguration, org.springframework.boot.autoconfigure.gson.GsonAutoConfiguration, org.springframework.boot.autoconfigure.hateoas.HypermediaAutoConfiguration, org.springframework.boot.autoconfigure.http.HttpMessageConvertersAutoConfiguration, org.springframework.boot.autoconfigure.jackson.JacksonAutoConfiguration, org.springframework.boot.autoconfigure.jsonb.JsonbAutoConfiguration, org.springframework.boot.autoconfigure.mustache.MustacheAutoConfiguration, org.springframework.boot.autoconfigure.task.TaskExecutionAutoConfiguration, org.springframework.boot.autoconfigure.thymeleaf.ThymeleafAutoConfiguration, org.springframework.boot.autoconfigure.validation.ValidationAutoConfiguration, org.springframework.boot.autoconfigure.web.servlet.error.ErrorMvcAutoConfiguration, org.springframework.boot.autoconfigure.web.servlet.WebMvcAutoConfiguration, org.springframework.boot.test.autoconfigure.web.servlet.MockMvcAutoConfiguration, org.springframework.boot.test.autoconfigure.web.servlet.MockMvcSecurityAutoConfiguration, org.springframework.boot.test.autoconfigure.web.servlet.MockMvcWebClientAutoConfiguration, org.springframework.boot.test.autoconfigure.web.servlet.MockMvcWebDriverAutoConfiguration]], org.springframework.boot.test.context.filter.ExcludeFilterContextCustomizer@255c043e, org.springframework.boot.test.json.DuplicateJsonObjectContextCustomizerFactory$DuplicateJsonObjectContextCustomizer@203a4d1d, org.springframework.boot.test.mock.mockito.MockitoContextCustomizer@0], resourceBasePath = 'src/main/webapp', contextLoader = 'org.springframework.boot.test.context.SpringBootContextLoader', parent = [null]], attributes = map[[empty]]]].
01:49:11.028 [Test worker] DEBUG org.springframework.test.context.support.TestPropertySourceUtils - Adding inlined properties to environment: {spring.jmx.enabled=false, org.springframework.boot.test.autoconfigure.web.servlet.WebMvcTestContextBootstrapper=true, server.port=-1}

  .   ____          _            __ _ _
 /\\ / ___'_ __ _ _(_)_ __  __ _ \ \ \ \
( ( )\___ | '_ | '_| | '_ \/ _` | \ \ \ \
 \\/  ___)| |_)| | | | | || (_| |  ) ) ) )
  '  |____| .__|_| |_|_| |_\__, | / / / /
 =========|_|==============|___/=/_/_/_/
 :: Spring Boot ::        (v2.1.7.RELEASE)

2020-10-23 01:49:11.543  INFO 26539 --- [    Test worker] me.yisak.web.HelloControllerTest         : Starting HelloControllerTest on Choui-iMac.local with PID 26539 (started by chochoi in /Users/chochoi/Desktop/git/backup/springboot2-webservice)
2020-10-23 01:49:11.544  INFO 26539 --- [    Test worker] me.yisak.web.HelloControllerTest         : The following profiles are active: oauth
2020-10-23 01:49:12.880  INFO 26539 --- [    Test worker] o.s.s.concurrent.ThreadPoolTaskExecutor  : Initializing ExecutorService 'applicationTaskExecutor'
2020-10-23 01:49:12.977  INFO 26539 --- [    Test worker] o.s.b.a.w.s.WelcomePageHandlerMapping    : Adding welcome page template: index
2020-10-23 01:49:13.330  INFO 26539 --- [    Test worker] .s.s.UserDetailsServiceAutoConfiguration : 

Using generated security password: 215d5095-b7cc-4198-9ffc-0f299caa1a1b

2020-10-23 01:49:13.513  INFO 26539 --- [    Test worker] o.s.s.web.DefaultSecurityFilterChain     : Creating filter chain: any request, [org.springframework.security.web.context.request.async.WebAsyncManagerIntegrationFilter@4b55b1d8, org.springframework.security.web.context.SecurityContextPersistenceFilter@5b0e0539, org.springframework.security.web.header.HeaderWriterFilter@2f9f318c, org.springframework.security.web.csrf.CsrfFilter@4f3c0e18, org.springframework.security.web.authentication.logout.LogoutFilter@23b386b4, org.springframework.security.web.authentication.UsernamePasswordAuthenticationFilter@7120a625, org.springframework.security.web.authentication.ui.DefaultLoginPageGeneratingFilter@5c8ba430, org.springframework.security.web.authentication.ui.DefaultLogoutPageGeneratingFilter@1ddad22d, org.springframework.security.web.authentication.www.BasicAuthenticationFilter@6a2e89a, org.springframework.security.web.savedrequest.RequestCacheAwareFilter@5c1cf820, org.springframework.security.web.servletapi.SecurityContextHolderAwareRequestFilter@2d137853, org.springframework.security.web.authentication.AnonymousAuthenticationFilter@6cdb2329, org.springframework.security.web.session.SessionManagementFilter@2220133b, org.springframework.security.web.access.ExceptionTranslationFilter@377fd405, org.springframework.security.web.access.intercept.FilterSecurityInterceptor@1ac576b3]
2020-10-23 01:49:13.551  INFO 26539 --- [    Test worker] o.s.b.t.m.w.SpringBootMockServletContext : Initializing Spring TestDispatcherServlet ''
2020-10-23 01:49:13.551  INFO 26539 --- [    Test worker] o.s.t.web.servlet.TestDispatcherServlet  : Initializing Servlet ''
2020-10-23 01:49:13.563  INFO 26539 --- [    Test worker] o.s.t.web.servlet.TestDispatcherServlet  : Completed initialization in 12 ms
2020-10-23 01:49:13.601  INFO 26539 --- [    Test worker] me.yisak.web.HelloControllerTest         : Started HelloControllerTest in 2.557 seconds (JVM running for 3.776)
]]></system-out>
  <system-err><![CDATA[]]></system-err>
</testsuite>
